{"E:\\AI\\Programs\\Nanobot\\nanobot\\desktop\\src\\lib\\api\\agent.ts": {"path":"E:\\AI\\Programs\\Nanobot\\nanobot\\desktop\\src\\lib\\api\\agent.ts","statementMap":{"0":{"start":{"line":9,"column":25},"end":{"line":9,"column":null}},"1":{"start":{"line":54,"column":1},"end":{"line":61,"column":null}},"2":{"start":{"line":56,"column":21},"end":{"line":56,"column":null}},"3":{"start":{"line":58,"column":2},"end":{"line":58,"column":null}},"4":{"start":{"line":60,"column":2},"end":{"line":60,"column":null}},"5":{"start":{"line":69,"column":51},"end":{"line":69,"column":null}},"6":{"start":{"line":70,"column":35},"end":{"line":70,"column":null}},"7":{"start":{"line":73,"column":2},"end":{"line":73,"column":null}},"8":{"start":{"line":82,"column":2},"end":{"line":99,"column":null}},"9":{"start":{"line":83,"column":3},"end":{"line":98,"column":null}},"10":{"start":{"line":85,"column":4},"end":{"line":89,"column":null}},"11":{"start":{"line":86,"column":18},"end":{"line":86,"column":null}},"12":{"start":{"line":87,"column":5},"end":{"line":87,"column":null}},"13":{"start":{"line":88,"column":5},"end":{"line":88,"column":null}},"14":{"start":{"line":92,"column":17},"end":{"line":92,"column":null}},"15":{"start":{"line":93,"column":4},"end":{"line":95,"column":null}},"16":{"start":{"line":94,"column":5},"end":{"line":94,"column":null}},"17":{"start":{"line":97,"column":4},"end":{"line":97,"column":null}},"18":{"start":{"line":100,"column":2},"end":{"line":100,"column":null}},"19":{"start":{"line":107,"column":2},"end":{"line":107,"column":null}},"20":{"start":{"line":114,"column":2},"end":{"line":114,"column":null}},"21":{"start":{"line":121,"column":18},"end":{"line":121,"column":null}},"22":{"start":{"line":122,"column":2},"end":{"line":122,"column":null}},"23":{"start":{"line":123,"column":2},"end":{"line":155,"column":null}},"24":{"start":{"line":125,"column":3},"end":{"line":142,"column":null}},"25":{"start":{"line":126,"column":4},"end":{"line":141,"column":null}},"26":{"start":{"line":127,"column":18},"end":{"line":127,"column":null}},"27":{"start":{"line":128,"column":5},"end":{"line":128,"column":null}},"28":{"start":{"line":129,"column":21},"end":{"line":129,"column":null}},"29":{"start":{"line":130,"column":5},"end":{"line":130,"column":null}},"30":{"start":{"line":131,"column":22},"end":{"line":134,"column":null}},"31":{"start":{"line":135,"column":5},"end":{"line":135,"column":null}},"32":{"start":{"line":136,"column":5},"end":{"line":136,"column":null}},"33":{"start":{"line":138,"column":5},"end":{"line":138,"column":null}},"34":{"start":{"line":139,"column":5},"end":{"line":139,"column":null}},"35":{"start":{"line":140,"column":5},"end":{"line":140,"column":null}},"36":{"start":{"line":144,"column":19},"end":{"line":144,"column":null}},"37":{"start":{"line":145,"column":3},"end":{"line":145,"column":null}},"38":{"start":{"line":146,"column":20},"end":{"line":149,"column":null}},"39":{"start":{"line":150,"column":3},"end":{"line":150,"column":null}},"40":{"start":{"line":151,"column":3},"end":{"line":151,"column":null}},"41":{"start":{"line":153,"column":3},"end":{"line":153,"column":null}},"42":{"start":{"line":154,"column":3},"end":{"line":154,"column":null}},"43":{"start":{"line":162,"column":18},"end":{"line":162,"column":null}},"44":{"start":{"line":163,"column":19},"end":{"line":165,"column":null}},"45":{"start":{"line":167,"column":2},"end":{"line":169,"column":null}},"46":{"start":{"line":168,"column":3},"end":{"line":168,"column":null}},"47":{"start":{"line":171,"column":2},"end":{"line":171,"column":null}},"48":{"start":{"line":178,"column":18},"end":{"line":178,"column":null}},"49":{"start":{"line":179,"column":19},"end":{"line":181,"column":null}},"50":{"start":{"line":183,"column":2},"end":{"line":185,"column":null}},"51":{"start":{"line":184,"column":3},"end":{"line":184,"column":null}},"52":{"start":{"line":187,"column":2},"end":{"line":187,"column":null}},"53":{"start":{"line":194,"column":18},"end":{"line":194,"column":null}},"54":{"start":{"line":197,"column":2},"end":{"line":197,"column":null}},"55":{"start":{"line":199,"column":2},"end":{"line":228,"column":null}},"56":{"start":{"line":200,"column":20},"end":{"line":212,"column":null}},"57":{"start":{"line":214,"column":3},"end":{"line":216,"column":null}},"58":{"start":{"line":215,"column":4},"end":{"line":215,"column":null}},"59":{"start":{"line":219,"column":3},"end":{"line":219,"column":null}},"60":{"start":{"line":221,"column":3},"end":{"line":225,"column":null}},"61":{"start":{"line":222,"column":4},"end":{"line":222,"column":null}},"62":{"start":{"line":224,"column":4},"end":{"line":224,"column":null}},"63":{"start":{"line":227,"column":3},"end":{"line":227,"column":null}},"64":{"start":{"line":235,"column":18},"end":{"line":235,"column":null}},"65":{"start":{"line":237,"column":19},"end":{"line":247,"column":null}},"66":{"start":{"line":249,"column":2},"end":{"line":251,"column":null}},"67":{"start":{"line":250,"column":3},"end":{"line":250,"column":null}},"68":{"start":{"line":253,"column":2},"end":{"line":253,"column":null}},"69":{"start":{"line":260,"column":2},"end":{"line":262,"column":null}},"70":{"start":{"line":261,"column":3},"end":{"line":261,"column":null}},"71":{"start":{"line":264,"column":18},"end":{"line":264,"column":null}},"72":{"start":{"line":265,"column":2},"end":{"line":267,"column":null}},"73":{"start":{"line":274,"column":17},"end":{"line":274,"column":null}},"74":{"start":{"line":275,"column":2},"end":{"line":277,"column":null}},"75":{"start":{"line":276,"column":3},"end":{"line":276,"column":null}},"76":{"start":{"line":279,"column":18},"end":{"line":279,"column":null}},"77":{"start":{"line":280,"column":15},"end":{"line":280,"column":null}},"78":{"start":{"line":282,"column":2},"end":{"line":333,"column":null}},"79":{"start":{"line":283,"column":3},"end":{"line":330,"column":null}},"80":{"start":{"line":284,"column":28},"end":{"line":284,"column":null}},"81":{"start":{"line":286,"column":4},"end":{"line":289,"column":null}},"82":{"start":{"line":287,"column":5},"end":{"line":287,"column":null}},"83":{"start":{"line":288,"column":5},"end":{"line":288,"column":null}},"84":{"start":{"line":291,"column":4},"end":{"line":291,"column":null}},"85":{"start":{"line":294,"column":18},"end":{"line":294,"column":null}},"86":{"start":{"line":295,"column":4},"end":{"line":295,"column":null}},"87":{"start":{"line":297,"column":4},"end":{"line":329,"column":null}},"88":{"start":{"line":299,"column":5},"end":{"line":319,"column":null}},"89":{"start":{"line":300,"column":19},"end":{"line":300,"column":null}},"90":{"start":{"line":302,"column":6},"end":{"line":305,"column":null}},"91":{"start":{"line":303,"column":7},"end":{"line":303,"column":null}},"92":{"start":{"line":304,"column":7},"end":{"line":304,"column":null}},"93":{"start":{"line":307,"column":6},"end":{"line":310,"column":null}},"94":{"start":{"line":308,"column":7},"end":{"line":308,"column":null}},"95":{"start":{"line":309,"column":7},"end":{"line":309,"column":null}},"96":{"start":{"line":312,"column":6},"end":{"line":315,"column":null}},"97":{"start":{"line":313,"column":7},"end":{"line":313,"column":null}},"98":{"start":{"line":314,"column":7},"end":{"line":314,"column":null}},"99":{"start":{"line":318,"column":6},"end":{"line":318,"column":null}},"100":{"start":{"line":322,"column":5},"end":{"line":328,"column":null}},"101":{"start":{"line":323,"column":23},"end":{"line":323,"column":null}},"102":{"start":{"line":325,"column":6},"end":{"line":327,"column":null}},"103":{"start":{"line":326,"column":7},"end":{"line":326,"column":null}},"104":{"start":{"line":332,"column":3},"end":{"line":332,"column":null}},"105":{"start":{"line":338,"column":24},"end":{"line":338,"column":null}}},"fnMap":{"0":{"name":"isTauriEnv","decl":{"start":{"line":53,"column":15},"end":{"line":53,"column":46}},"loc":{"start":{"line":53,"column":46},"end":{"line":62,"column":null}},"line":53},"1":{"name":"(anonymous_1)","decl":{"start":{"line":72,"column":1},"end":{"line":72,"column":13}},"loc":{"start":{"line":72,"column":47},"end":{"line":74,"column":null}},"line":72},"2":{"name":"(anonymous_2)","decl":{"start":{"line":80,"column":15},"end":{"line":80,"column":45}},"loc":{"start":{"line":80,"column":45},"end":{"line":101,"column":null}},"line":80},"3":{"name":"(anonymous_3)","decl":{"start":{"line":106,"column":1},"end":{"line":106,"column":12}},"loc":{"start":{"line":106,"column":31},"end":{"line":108,"column":null}},"line":106},"4":{"name":"(anonymous_4)","decl":{"start":{"line":113,"column":1},"end":{"line":113,"column":22}},"loc":{"start":{"line":113,"column":22},"end":{"line":115,"column":null}},"line":113},"5":{"name":"(anonymous_5)","decl":{"start":{"line":120,"column":7},"end":{"line":120,"column":39}},"loc":{"start":{"line":120,"column":39},"end":{"line":156,"column":null}},"line":120},"6":{"name":"(anonymous_6)","decl":{"start":{"line":161,"column":7},"end":{"line":161,"column":41}},"loc":{"start":{"line":161,"column":41},"end":{"line":172,"column":null}},"line":161},"7":{"name":"(anonymous_7)","decl":{"start":{"line":177,"column":7},"end":{"line":177,"column":50}},"loc":{"start":{"line":177,"column":50},"end":{"line":188,"column":null}},"line":177},"8":{"name":"(anonymous_8)","decl":{"start":{"line":193,"column":7},"end":{"line":193,"column":18}},"loc":{"start":{"line":193,"column":83},"end":{"line":229,"column":null}},"line":193},"9":{"name":"(anonymous_9)","decl":{"start":{"line":234,"column":7},"end":{"line":234,"column":12}},"loc":{"start":{"line":234,"column":57},"end":{"line":254,"column":null}},"line":234},"10":{"name":"(anonymous_10)","decl":{"start":{"line":259,"column":7},"end":{"line":259,"column":30}},"loc":{"start":{"line":259,"column":30},"end":{"line":268,"column":null}},"line":259},"11":{"name":"(anonymous_11)","decl":{"start":{"line":273,"column":15},"end":{"line":273,"column":24}},"loc":{"start":{"line":273,"column":87},"end":{"line":334,"column":null}},"line":273}},"branchMap":{"0":{"loc":{"start":{"line":73,"column":17},"end":{"line":73,"column":null}},"type":"binary-expr","locations":[{"start":{"line":73,"column":17},"end":{"line":73,"column":36}},{"start":{"line":73,"column":36},"end":{"line":73,"column":null}}],"line":73},"1":{"loc":{"start":{"line":82,"column":2},"end":{"line":99,"column":null}},"type":"if","locations":[{"start":{"line":82,"column":2},"end":{"line":99,"column":null}},{"start":{},"end":{}}],"line":82},"2":{"loc":{"start":{"line":85,"column":4},"end":{"line":89,"column":null}},"type":"if","locations":[{"start":{"line":85,"column":4},"end":{"line":89,"column":null}},{"start":{},"end":{}}],"line":85},"3":{"loc":{"start":{"line":93,"column":4},"end":{"line":95,"column":null}},"type":"if","locations":[{"start":{"line":93,"column":4},"end":{"line":95,"column":null}},{"start":{},"end":{}}],"line":93},"4":{"loc":{"start":{"line":125,"column":3},"end":{"line":142,"column":null}},"type":"if","locations":[{"start":{"line":125,"column":3},"end":{"line":142,"column":null}},{"start":{},"end":{}}],"line":125},"5":{"loc":{"start":{"line":125,"column":7},"end":{"line":125,"column":40}},"type":"binary-expr","locations":[{"start":{"line":125,"column":7},"end":{"line":125,"column":18}},{"start":{"line":125,"column":18},"end":{"line":125,"column":40}}],"line":125},"6":{"loc":{"start":{"line":167,"column":2},"end":{"line":169,"column":null}},"type":"if","locations":[{"start":{"line":167,"column":2},"end":{"line":169,"column":null}},{"start":{},"end":{}}],"line":167},"7":{"loc":{"start":{"line":183,"column":2},"end":{"line":185,"column":null}},"type":"if","locations":[{"start":{"line":183,"column":2},"end":{"line":185,"column":null}},{"start":{},"end":{}}],"line":183},"8":{"loc":{"start":{"line":214,"column":3},"end":{"line":216,"column":null}},"type":"if","locations":[{"start":{"line":214,"column":3},"end":{"line":216,"column":null}},{"start":{},"end":{}}],"line":214},"9":{"loc":{"start":{"line":221,"column":3},"end":{"line":225,"column":null}},"type":"if","locations":[{"start":{"line":221,"column":3},"end":{"line":225,"column":null}},{"start":{"line":223,"column":10},"end":{"line":225,"column":null}}],"line":221},"10":{"loc":{"start":{"line":221,"column":7},"end":{"line":221,"column":62}},"type":"binary-expr","locations":[{"start":{"line":221,"column":7},"end":{"line":221,"column":33}},{"start":{"line":221,"column":33},"end":{"line":221,"column":62}}],"line":221},"11":{"loc":{"start":{"line":224,"column":22},"end":{"line":224,"column":78}},"type":"cond-expr","locations":[{"start":{"line":224,"column":47},"end":{"line":224,"column":63}},{"start":{"line":224,"column":63},"end":{"line":224,"column":78}}],"line":224},"12":{"loc":{"start":{"line":249,"column":2},"end":{"line":251,"column":null}},"type":"if","locations":[{"start":{"line":249,"column":2},"end":{"line":251,"column":null}},{"start":{},"end":{}}],"line":249},"13":{"loc":{"start":{"line":260,"column":2},"end":{"line":262,"column":null}},"type":"if","locations":[{"start":{"line":260,"column":2},"end":{"line":262,"column":null}},{"start":{},"end":{}}],"line":260},"14":{"loc":{"start":{"line":275,"column":2},"end":{"line":277,"column":null}},"type":"if","locations":[{"start":{"line":275,"column":2},"end":{"line":277,"column":null}},{"start":{},"end":{}}],"line":275},"15":{"loc":{"start":{"line":286,"column":4},"end":{"line":289,"column":null}},"type":"if","locations":[{"start":{"line":286,"column":4},"end":{"line":289,"column":null}},{"start":{},"end":{}}],"line":286},"16":{"loc":{"start":{"line":295,"column":13},"end":{"line":295,"column":null}},"type":"binary-expr","locations":[{"start":{"line":295,"column":13},"end":{"line":295,"column":28}},{"start":{"line":295,"column":28},"end":{"line":295,"column":null}}],"line":295},"17":{"loc":{"start":{"line":299,"column":5},"end":{"line":319,"column":null}},"type":"if","locations":[{"start":{"line":299,"column":5},"end":{"line":319,"column":null}},{"start":{},"end":{}}],"line":299},"18":{"loc":{"start":{"line":302,"column":6},"end":{"line":305,"column":null}},"type":"if","locations":[{"start":{"line":302,"column":6},"end":{"line":305,"column":null}},{"start":{},"end":{}}],"line":302},"19":{"loc":{"start":{"line":307,"column":6},"end":{"line":310,"column":null}},"type":"if","locations":[{"start":{"line":307,"column":6},"end":{"line":310,"column":null}},{"start":{},"end":{}}],"line":307},"20":{"loc":{"start":{"line":312,"column":6},"end":{"line":315,"column":null}},"type":"if","locations":[{"start":{"line":312,"column":6},"end":{"line":315,"column":null}},{"start":{},"end":{}}],"line":312},"21":{"loc":{"start":{"line":322,"column":5},"end":{"line":328,"column":null}},"type":"if","locations":[{"start":{"line":322,"column":5},"end":{"line":328,"column":null}},{"start":{},"end":{}}],"line":322},"22":{"loc":{"start":{"line":325,"column":6},"end":{"line":327,"column":null}},"type":"if","locations":[{"start":{"line":325,"column":6},"end":{"line":327,"column":null}},{"start":{},"end":{}}],"line":325}},"s":{"0":0,"1":0,"2":0,"3":0,"4":0,"5":0,"6":0,"7":0,"8":0,"9":0,"10":0,"11":0,"12":0,"13":0,"14":0,"15":0,"16":0,"17":0,"18":0,"19":0,"20":0,"21":0,"22":0,"23":0,"24":0,"25":0,"26":0,"27":0,"28":0,"29":0,"30":0,"31":0,"32":0,"33":0,"34":0,"35":0,"36":0,"37":0,"38":0,"39":0,"40":0,"41":0,"42":0,"43":0,"44":0,"45":0,"46":0,"47":0,"48":0,"49":0,"50":0,"51":0,"52":0,"53":0,"54":0,"55":0,"56":0,"57":0,"58":0,"59":0,"60":0,"61":0,"62":0,"63":0,"64":0,"65":0,"66":0,"67":0,"68":0,"69":0,"70":0,"71":0,"72":0,"73":0,"74":0,"75":0,"76":0,"77":0,"78":0,"79":0,"80":0,"81":0,"82":0,"83":0,"84":0,"85":0,"86":0,"87":0,"88":0,"89":0,"90":0,"91":0,"92":0,"93":0,"94":0,"95":0,"96":0,"97":0,"98":0,"99":0,"100":0,"101":0,"102":0,"103":0,"104":0,"105":0},"f":{"0":0,"1":0,"2":0,"3":0,"4":0,"5":0,"6":0,"7":0,"8":0,"9":0,"10":0,"11":0},"b":{"0":[0,0],"1":[0,0],"2":[0,0],"3":[0,0],"4":[0,0],"5":[0,0],"6":[0,0],"7":[0,0],"8":[0,0],"9":[0,0],"10":[0,0],"11":[0,0],"12":[0,0],"13":[0,0],"14":[0,0],"15":[0,0],"16":[0,0],"17":[0,0],"18":[0,0],"19":[0,0],"20":[0,0],"21":[0,0],"22":[0,0]},"meta":{"lastBranch":23,"lastFunction":12,"lastStatement":106,"seen":{"s:9:25:9:Infinity":0,"f:53:15:53:46":0,"s:54:1:61:Infinity":1,"s:56:21:56:Infinity":2,"s:58:2:58:Infinity":3,"s:60:2:60:Infinity":4,"s:69:51:69:Infinity":5,"s:70:35:70:Infinity":6,"f:72:1:72:13":1,"s:73:2:73:Infinity":7,"b:73:17:73:36:73:36:73:Infinity":0,"f:80:15:80:45":2,"b:82:2:99:Infinity:undefined:undefined:undefined:undefined":1,"s:82:2:99:Infinity":8,"s:83:3:98:Infinity":9,"b:85:4:89:Infinity:undefined:undefined:undefined:undefined":2,"s:85:4:89:Infinity":10,"s:86:18:86:Infinity":11,"s:87:5:87:Infinity":12,"s:88:5:88:Infinity":13,"s:92:17:92:Infinity":14,"b:93:4:95:Infinity:undefined:undefined:undefined:undefined":3,"s:93:4:95:Infinity":15,"s:94:5:94:Infinity":16,"s:97:4:97:Infinity":17,"s:100:2:100:Infinity":18,"f:106:1:106:12":3,"s:107:2:107:Infinity":19,"f:113:1:113:22":4,"s:114:2:114:Infinity":20,"f:120:7:120:39":5,"s:121:18:121:Infinity":21,"s:122:2:122:Infinity":22,"s:123:2:155:Infinity":23,"b:125:3:142:Infinity:undefined:undefined:undefined:undefined":4,"s:125:3:142:Infinity":24,"b:125:7:125:18:125:18:125:40":5,"s:126:4:141:Infinity":25,"s:127:18:127:Infinity":26,"s:128:5:128:Infinity":27,"s:129:21:129:Infinity":28,"s:130:5:130:Infinity":29,"s:131:22:134:Infinity":30,"s:135:5:135:Infinity":31,"s:136:5:136:Infinity":32,"s:138:5:138:Infinity":33,"s:139:5:139:Infinity":34,"s:140:5:140:Infinity":35,"s:144:19:144:Infinity":36,"s:145:3:145:Infinity":37,"s:146:20:149:Infinity":38,"s:150:3:150:Infinity":39,"s:151:3:151:Infinity":40,"s:153:3:153:Infinity":41,"s:154:3:154:Infinity":42,"f:161:7:161:41":6,"s:162:18:162:Infinity":43,"s:163:19:165:Infinity":44,"b:167:2:169:Infinity:undefined:undefined:undefined:undefined":6,"s:167:2:169:Infinity":45,"s:168:3:168:Infinity":46,"s:171:2:171:Infinity":47,"f:177:7:177:50":7,"s:178:18:178:Infinity":48,"s:179:19:181:Infinity":49,"b:183:2:185:Infinity:undefined:undefined:undefined:undefined":7,"s:183:2:185:Infinity":50,"s:184:3:184:Infinity":51,"s:187:2:187:Infinity":52,"f:193:7:193:18":8,"s:194:18:194:Infinity":53,"s:197:2:197:Infinity":54,"s:199:2:228:Infinity":55,"s:200:20:212:Infinity":56,"b:214:3:216:Infinity:undefined:undefined:undefined:undefined":8,"s:214:3:216:Infinity":57,"s:215:4:215:Infinity":58,"s:219:3:219:Infinity":59,"b:221:3:225:Infinity:223:10:225:Infinity":9,"s:221:3:225:Infinity":60,"b:221:7:221:33:221:33:221:62":10,"s:222:4:222:Infinity":61,"s:224:4:224:Infinity":62,"b:224:47:224:63:224:63:224:78":11,"s:227:3:227:Infinity":63,"f:234:7:234:12":9,"s:235:18:235:Infinity":64,"s:237:19:247:Infinity":65,"b:249:2:251:Infinity:undefined:undefined:undefined:undefined":12,"s:249:2:251:Infinity":66,"s:250:3:250:Infinity":67,"s:253:2:253:Infinity":68,"f:259:7:259:30":10,"b:260:2:262:Infinity:undefined:undefined:undefined:undefined":13,"s:260:2:262:Infinity":69,"s:261:3:261:Infinity":70,"s:264:18:264:Infinity":71,"s:265:2:267:Infinity":72,"f:273:15:273:24":11,"s:274:17:274:Infinity":73,"b:275:2:277:Infinity:undefined:undefined:undefined:undefined":14,"s:275:2:277:Infinity":74,"s:276:3:276:Infinity":75,"s:279:18:279:Infinity":76,"s:280:15:280:Infinity":77,"s:282:2:333:Infinity":78,"s:283:3:330:Infinity":79,"s:284:28:284:Infinity":80,"b:286:4:289:Infinity:undefined:undefined:undefined:undefined":15,"s:286:4:289:Infinity":81,"s:287:5:287:Infinity":82,"s:288:5:288:Infinity":83,"s:291:4:291:Infinity":84,"s:294:18:294:Infinity":85,"s:295:4:295:Infinity":86,"b:295:13:295:28:295:28:295:Infinity":16,"s:297:4:329:Infinity":87,"b:299:5:319:Infinity:undefined:undefined:undefined:undefined":17,"s:299:5:319:Infinity":88,"s:300:19:300:Infinity":89,"b:302:6:305:Infinity:undefined:undefined:undefined:undefined":18,"s:302:6:305:Infinity":90,"s:303:7:303:Infinity":91,"s:304:7:304:Infinity":92,"b:307:6:310:Infinity:undefined:undefined:undefined:undefined":19,"s:307:6:310:Infinity":93,"s:308:7:308:Infinity":94,"s:309:7:309:Infinity":95,"b:312:6:315:Infinity:undefined:undefined:undefined:undefined":20,"s:312:6:315:Infinity":96,"s:313:7:313:Infinity":97,"s:314:7:314:Infinity":98,"s:318:6:318:Infinity":99,"b:322:5:328:Infinity:undefined:undefined:undefined:undefined":21,"s:322:5:328:Infinity":100,"s:323:23:323:Infinity":101,"b:325:6:327:Infinity:undefined:undefined:undefined:undefined":22,"s:325:6:327:Infinity":102,"s:326:7:326:Infinity":103,"s:332:3:332:Infinity":104,"s:338:24:338:Infinity":105}}}
,"E:\\AI\\Programs\\Nanobot\\nanobot\\desktop\\src\\lib\\api\\tray.ts": {"path":"E:\\AI\\Programs\\Nanobot\\nanobot\\desktop\\src\\lib\\api\\tray.ts","statementMap":{"0":{"start":{"line":24,"column":1},"end":{"line":32,"column":null}},"1":{"start":{"line":25,"column":17},"end":{"line":25,"column":null}},"2":{"start":{"line":26,"column":2},"end":{"line":26,"column":null}},"3":{"start":{"line":27,"column":2},"end":{"line":27,"column":null}},"4":{"start":{"line":30,"column":2},"end":{"line":30,"column":null}},"5":{"start":{"line":31,"column":2},"end":{"line":31,"column":null}},"6":{"start":{"line":40,"column":1},"end":{"line":40,"column":null}},"7":{"start":{"line":47,"column":1},"end":{"line":47,"column":null}},"8":{"start":{"line":55,"column":16},"end":{"line":55,"column":null}},"9":{"start":{"line":56,"column":1},"end":{"line":56,"column":null}},"10":{"start":{"line":64,"column":16},"end":{"line":64,"column":null}},"11":{"start":{"line":65,"column":1},"end":{"line":65,"column":null}},"12":{"start":{"line":74,"column":1},"end":{"line":74,"column":null}},"13":{"start":{"line":75,"column":16},"end":{"line":75,"column":null}},"14":{"start":{"line":77,"column":1},"end":{"line":80,"column":null}},"15":{"start":{"line":78,"column":2},"end":{"line":78,"column":null}},"16":{"start":{"line":79,"column":2},"end":{"line":79,"column":null}},"17":{"start":{"line":82,"column":1},"end":{"line":97,"column":null}},"18":{"start":{"line":83,"column":2},"end":{"line":83,"column":null}},"19":{"start":{"line":85,"column":2},"end":{"line":95,"column":null}},"20":{"start":{"line":85,"column":15},"end":{"line":85,"column":18}},"21":{"start":{"line":86,"column":3},"end":{"line":86,"column":null}},"22":{"start":{"line":86,"column":32},"end":{"line":86,"column":57}},"23":{"start":{"line":87,"column":21},"end":{"line":87,"column":null}},"24":{"start":{"line":88,"column":3},"end":{"line":91,"column":null}},"25":{"start":{"line":89,"column":4},"end":{"line":89,"column":null}},"26":{"start":{"line":90,"column":4},"end":{"line":90,"column":null}},"27":{"start":{"line":92,"column":3},"end":{"line":94,"column":null}},"28":{"start":{"line":93,"column":4},"end":{"line":93,"column":null}},"29":{"start":{"line":96,"column":2},"end":{"line":96,"column":null}},"30":{"start":{"line":99,"column":1},"end":{"line":101,"column":null}},"31":{"start":{"line":100,"column":2},"end":{"line":100,"column":null}},"32":{"start":{"line":104,"column":1},"end":{"line":104,"column":null}},"33":{"start":{"line":105,"column":14},"end":{"line":105,"column":null}},"34":{"start":{"line":106,"column":1},"end":{"line":106,"column":null}},"35":{"start":{"line":107,"column":1},"end":{"line":107,"column":null}},"36":{"start":{"line":119,"column":1},"end":{"line":123,"column":null}},"37":{"start":{"line":120,"column":2},"end":{"line":120,"column":null}},"38":{"start":{"line":131,"column":1},"end":{"line":135,"column":null}},"39":{"start":{"line":132,"column":2},"end":{"line":132,"column":null}},"40":{"start":{"line":143,"column":1},"end":{"line":147,"column":null}},"41":{"start":{"line":144,"column":2},"end":{"line":144,"column":null}},"42":{"start":{"line":154,"column":1},"end":{"line":158,"column":null}},"43":{"start":{"line":155,"column":2},"end":{"line":155,"column":null}},"44":{"start":{"line":165,"column":1},"end":{"line":169,"column":null}},"45":{"start":{"line":166,"column":2},"end":{"line":166,"column":null}},"46":{"start":{"line":180,"column":1},"end":{"line":187,"column":null}},"47":{"start":{"line":181,"column":31},"end":{"line":181,"column":null}},"48":{"start":{"line":182,"column":17},"end":{"line":182,"column":null}},"49":{"start":{"line":183,"column":2},"end":{"line":183,"column":null}},"50":{"start":{"line":184,"column":2},"end":{"line":184,"column":null}},"51":{"start":{"line":194,"column":1},"end":{"line":200,"column":null}},"52":{"start":{"line":195,"column":31},"end":{"line":195,"column":null}},"53":{"start":{"line":196,"column":17},"end":{"line":196,"column":null}},"54":{"start":{"line":197,"column":2},"end":{"line":197,"column":null}},"55":{"start":{"line":207,"column":1},"end":{"line":211,"column":null}},"56":{"start":{"line":208,"column":2},"end":{"line":208,"column":null}},"57":{"start":{"line":210,"column":2},"end":{"line":210,"column":null}}},"fnMap":{"0":{"name":"getSidecarStatus","decl":{"start":{"line":23,"column":22},"end":{"line":23,"column":65}},"loc":{"start":{"line":23,"column":65},"end":{"line":33,"column":null}},"line":23},"1":{"name":"startSidecar","decl":{"start":{"line":39,"column":22},"end":{"line":39,"column":54}},"loc":{"start":{"line":39,"column":54},"end":{"line":41,"column":null}},"line":39},"2":{"name":"stopSidecar","decl":{"start":{"line":46,"column":22},"end":{"line":46,"column":51}},"loc":{"start":{"line":46,"column":51},"end":{"line":48,"column":null}},"line":46},"3":{"name":"isSidecarRunning","decl":{"start":{"line":54,"column":22},"end":{"line":54,"column":59}},"loc":{"start":{"line":54,"column":59},"end":{"line":57,"column":null}},"line":54},"4":{"name":"getGatewayPort","decl":{"start":{"line":63,"column":22},"end":{"line":63,"column":63}},"loc":{"start":{"line":63,"column":63},"end":{"line":66,"column":null}},"line":63},"5":{"name":"ensureSidecarRunning","decl":{"start":{"line":73,"column":22},"end":{"line":73,"column":62}},"loc":{"start":{"line":73,"column":62},"end":{"line":108,"column":null}},"line":73},"6":{"name":"(anonymous_6)","decl":{"start":{"line":86,"column":21},"end":{"line":86,"column":32}},"loc":{"start":{"line":86,"column":32},"end":{"line":86,"column":57}},"line":86},"7":{"name":"logUserMessage","decl":{"start":{"line":118,"column":22},"end":{"line":118,"column":37}},"loc":{"start":{"line":118,"column":69},"end":{"line":124,"column":null}},"line":118},"8":{"name":"logAiResponse","decl":{"start":{"line":130,"column":22},"end":{"line":130,"column":36}},"loc":{"start":{"line":130,"column":69},"end":{"line":136,"column":null}},"line":130},"9":{"name":"logAiDelta","decl":{"start":{"line":142,"column":22},"end":{"line":142,"column":33}},"loc":{"start":{"line":142,"column":63},"end":{"line":148,"column":null}},"line":142},"10":{"name":"logAiResponseStart","decl":{"start":{"line":153,"column":22},"end":{"line":153,"column":58}},"loc":{"start":{"line":153,"column":58},"end":{"line":159,"column":null}},"line":153},"11":{"name":"logAiResponseEnd","decl":{"start":{"line":164,"column":22},"end":{"line":164,"column":56}},"loc":{"start":{"line":164,"column":56},"end":{"line":170,"column":null}},"line":164},"12":{"name":"showWindow","decl":{"start":{"line":179,"column":22},"end":{"line":179,"column":50}},"loc":{"start":{"line":179,"column":50},"end":{"line":188,"column":null}},"line":179},"13":{"name":"hideWindow","decl":{"start":{"line":193,"column":22},"end":{"line":193,"column":50}},"loc":{"start":{"line":193,"column":50},"end":{"line":201,"column":null}},"line":193},"14":{"name":"quitApp","decl":{"start":{"line":206,"column":22},"end":{"line":206,"column":47}},"loc":{"start":{"line":206,"column":47},"end":{"line":212,"column":null}},"line":206},"15":{"name":"(anonymous_15)","decl":{"start":{"line":208,"column":28},"end":{"line":208,"column":34}},"loc":{"start":{"line":208,"column":34},"end":{"line":208,"column":36}},"line":208}},"branchMap":{"0":{"loc":{"start":{"line":65,"column":8},"end":{"line":65,"column":null}},"type":"cond-expr","locations":[{"start":{"line":65,"column":36},"end":{"line":65,"column":50}},{"start":{"line":65,"column":50},"end":{"line":65,"column":null}}],"line":65},"1":{"loc":{"start":{"line":77,"column":1},"end":{"line":80,"column":null}},"type":"if","locations":[{"start":{"line":77,"column":1},"end":{"line":80,"column":null}},{"start":{},"end":{}}],"line":77},"2":{"loc":{"start":{"line":82,"column":1},"end":{"line":97,"column":null}},"type":"if","locations":[{"start":{"line":82,"column":1},"end":{"line":97,"column":null}},{"start":{},"end":{}}],"line":82},"3":{"loc":{"start":{"line":88,"column":3},"end":{"line":91,"column":null}},"type":"if","locations":[{"start":{"line":88,"column":3},"end":{"line":91,"column":null}},{"start":{},"end":{}}],"line":88},"4":{"loc":{"start":{"line":92,"column":3},"end":{"line":94,"column":null}},"type":"if","locations":[{"start":{"line":92,"column":3},"end":{"line":94,"column":null}},{"start":{},"end":{}}],"line":92},"5":{"loc":{"start":{"line":99,"column":1},"end":{"line":101,"column":null}},"type":"if","locations":[{"start":{"line":99,"column":1},"end":{"line":101,"column":null}},{"start":{},"end":{}}],"line":99}},"s":{"0":0,"1":0,"2":0,"3":0,"4":0,"5":0,"6":0,"7":0,"8":0,"9":0,"10":0,"11":0,"12":0,"13":0,"14":0,"15":0,"16":0,"17":0,"18":0,"19":0,"20":0,"21":0,"22":0,"23":0,"24":0,"25":0,"26":0,"27":0,"28":0,"29":0,"30":0,"31":0,"32":0,"33":0,"34":0,"35":0,"36":0,"37":0,"38":0,"39":0,"40":0,"41":0,"42":0,"43":0,"44":0,"45":0,"46":0,"47":0,"48":0,"49":0,"50":0,"51":0,"52":0,"53":0,"54":0,"55":0,"56":0,"57":0},"f":{"0":0,"1":0,"2":0,"3":0,"4":0,"5":0,"6":0,"7":0,"8":0,"9":0,"10":0,"11":0,"12":0,"13":0,"14":0,"15":0},"b":{"0":[0,0],"1":[0,0],"2":[0,0],"3":[0,0],"4":[0,0],"5":[0,0]},"meta":{"lastBranch":6,"lastFunction":16,"lastStatement":58,"seen":{"f:23:22:23:65":0,"s:24:1:32:Infinity":0,"s:25:17:25:Infinity":1,"s:26:2:26:Infinity":2,"s:27:2:27:Infinity":3,"s:30:2:30:Infinity":4,"s:31:2:31:Infinity":5,"f:39:22:39:54":1,"s:40:1:40:Infinity":6,"f:46:22:46:51":2,"s:47:1:47:Infinity":7,"f:54:22:54:59":3,"s:55:16:55:Infinity":8,"s:56:1:56:Infinity":9,"f:63:22:63:63":4,"s:64:16:64:Infinity":10,"s:65:1:65:Infinity":11,"b:65:36:65:50:65:50:65:Infinity":0,"f:73:22:73:62":5,"s:74:1:74:Infinity":12,"s:75:16:75:Infinity":13,"b:77:1:80:Infinity:undefined:undefined:undefined:undefined":1,"s:77:1:80:Infinity":14,"s:78:2:78:Infinity":15,"s:79:2:79:Infinity":16,"b:82:1:97:Infinity:undefined:undefined:undefined:undefined":2,"s:82:1:97:Infinity":17,"s:83:2:83:Infinity":18,"s:85:2:95:Infinity":19,"s:85:15:85:18":20,"s:86:3:86:Infinity":21,"f:86:21:86:32":6,"s:86:32:86:57":22,"s:87:21:87:Infinity":23,"b:88:3:91:Infinity:undefined:undefined:undefined:undefined":3,"s:88:3:91:Infinity":24,"s:89:4:89:Infinity":25,"s:90:4:90:Infinity":26,"b:92:3:94:Infinity:undefined:undefined:undefined:undefined":4,"s:92:3:94:Infinity":27,"s:93:4:93:Infinity":28,"s:96:2:96:Infinity":29,"b:99:1:101:Infinity:undefined:undefined:undefined:undefined":5,"s:99:1:101:Infinity":30,"s:100:2:100:Infinity":31,"s:104:1:104:Infinity":32,"s:105:14:105:Infinity":33,"s:106:1:106:Infinity":34,"s:107:1:107:Infinity":35,"f:118:22:118:37":7,"s:119:1:123:Infinity":36,"s:120:2:120:Infinity":37,"f:130:22:130:36":8,"s:131:1:135:Infinity":38,"s:132:2:132:Infinity":39,"f:142:22:142:33":9,"s:143:1:147:Infinity":40,"s:144:2:144:Infinity":41,"f:153:22:153:58":10,"s:154:1:158:Infinity":42,"s:155:2:155:Infinity":43,"f:164:22:164:56":11,"s:165:1:169:Infinity":44,"s:166:2:166:Infinity":45,"f:179:22:179:50":12,"s:180:1:187:Infinity":46,"s:181:31:181:Infinity":47,"s:182:17:182:Infinity":48,"s:183:2:183:Infinity":49,"s:184:2:184:Infinity":50,"f:193:22:193:50":13,"s:194:1:200:Infinity":51,"s:195:31:195:Infinity":52,"s:196:17:196:Infinity":53,"s:197:2:197:Infinity":54,"f:206:22:206:47":14,"s:207:1:211:Infinity":55,"s:208:2:208:Infinity":56,"f:208:28:208:34":15,"s:210:2:210:Infinity":57}}}
,"E:\\AI\\Programs\\Nanobot\\nanobot\\desktop\\src\\lib\\components\\Chat\\index.ts": {"path":"E:\\AI\\Programs\\Nanobot\\nanobot\\desktop\\src\\lib\\components\\Chat\\index.ts","statementMap":{},"fnMap":{},"branchMap":{},"s":{},"f":{},"b":{},"meta":{"lastBranch":0,"lastFunction":0,"lastStatement":0,"seen":{}}}
,"E:\\AI\\Programs\\Nanobot\\nanobot\\desktop\\src\\lib\\components\\Settings\\index.ts": {"path":"E:\\AI\\Programs\\Nanobot\\nanobot\\desktop\\src\\lib\\components\\Settings\\index.ts","statementMap":{},"fnMap":{},"branchMap":{},"s":{},"f":{},"b":{},"meta":{"lastBranch":0,"lastFunction":0,"lastStatement":0,"seen":{}}}
,"E:\\AI\\Programs\\Nanobot\\nanobot\\desktop\\src\\lib\\components\\Settings\\settingsStore.svelte.ts": {"path":"E:\\AI\\Programs\\Nanobot\\nanobot\\desktop\\src\\lib\\components\\Settings\\settingsStore.svelte.ts","statementMap":{"0":{"start":{"line":69,"column":5},"end":{"line":69,"column":null}},"1":{"start":{"line":72,"column":5},"end":{"line":72,"column":null}},"2":{"start":{"line":75,"column":5},"end":{"line":122,"column":null}},"3":{"start":{"line":127,"column":5},"end":{"line":161,"column":null}},"4":{"start":{"line":166,"column":5},"end":{"line":172,"column":null}},"5":{"start":{"line":176,"column":5},"end":{"line":181,"column":null}},"6":{"start":{"line":186,"column":2},"end":{"line":186,"column":null}},"7":{"start":{"line":191,"column":2},"end":{"line":192,"column":null}},"8":{"start":{"line":191,"column":28},"end":{"line":192,"column":null}},"9":{"start":{"line":194,"column":2},"end":{"line":194,"column":null}},"10":{"start":{"line":199,"column":2},"end":{"line":200,"column":null}},"11":{"start":{"line":199,"column":28},"end":{"line":200,"column":null}},"12":{"start":{"line":202,"column":2},"end":{"line":202,"column":null}},"13":{"start":{"line":207,"column":2},"end":{"line":208,"column":null}},"14":{"start":{"line":207,"column":26},"end":{"line":208,"column":null}},"15":{"start":{"line":210,"column":2},"end":{"line":210,"column":null}},"16":{"start":{"line":215,"column":2},"end":{"line":216,"column":null}},"17":{"start":{"line":215,"column":26},"end":{"line":216,"column":null}},"18":{"start":{"line":218,"column":2},"end":{"line":218,"column":null}},"19":{"start":{"line":223,"column":2},"end":{"line":223,"column":null}},"20":{"start":{"line":224,"column":2},"end":{"line":224,"column":null}},"21":{"start":{"line":229,"column":2},"end":{"line":229,"column":null}},"22":{"start":{"line":230,"column":2},"end":{"line":230,"column":null}},"23":{"start":{"line":245,"column":2},"end":{"line":245,"column":null}},"24":{"start":{"line":246,"column":2},"end":{"line":246,"column":null}},"25":{"start":{"line":251,"column":2},"end":{"line":251,"column":null}},"26":{"start":{"line":252,"column":2},"end":{"line":252,"column":null}},"27":{"start":{"line":257,"column":2},"end":{"line":257,"column":null}},"28":{"start":{"line":257,"column":45},"end":{"line":257,"column":null}},"29":{"start":{"line":258,"column":2},"end":{"line":258,"column":null}},"30":{"start":{"line":263,"column":2},"end":{"line":264,"column":null}},"31":{"start":{"line":263,"column":42},"end":{"line":264,"column":null}},"32":{"start":{"line":266,"column":2},"end":{"line":266,"column":null}},"33":{"start":{"line":271,"column":2},"end":{"line":271,"column":null}},"34":{"start":{"line":277,"column":12},"end":{"line":277,"column":null}},"35":{"start":{"line":277,"column":31},"end":{"line":277,"column":null}},"36":{"start":{"line":278,"column":2},"end":{"line":278,"column":null}},"37":{"start":{"line":279,"column":2},"end":{"line":279,"column":null}},"38":{"start":{"line":280,"column":9},"end":{"line":280,"column":null}},"39":{"start":{"line":286,"column":2},"end":{"line":286,"column":null}},"40":{"start":{"line":291,"column":8},"end":{"line":291,"column":null}},"41":{"start":{"line":291,"column":34},"end":{"line":291,"column":null}},"42":{"start":{"line":292,"column":9},"end":{"line":292,"column":null}},"43":{"start":{"line":297,"column":9},"end":{"line":297,"column":null}},"44":{"start":{"line":297,"column":31},"end":{"line":297,"column":40}},"45":{"start":{"line":302,"column":27},"end":{"line":302,"column":38}},"46":{"start":{"line":303,"column":35},"end":{"line":303,"column":54}},"47":{"start":{"line":304,"column":27},"end":{"line":304,"column":38}},"48":{"start":{"line":305,"column":26},"end":{"line":305,"column":36}},"49":{"start":{"line":306,"column":23},"end":{"line":306,"column":30}},"50":{"start":{"line":307,"column":23},"end":{"line":307,"column":30}},"51":{"start":{"line":330,"column":29},"end":{"line":330,"column":null}}},"fnMap":{"0":{"name":"createSettingsStore","decl":{"start":{"line":67,"column":16},"end":{"line":67,"column":38}},"loc":{"start":{"line":67,"column":38},"end":{"line":327,"column":null}},"line":67},"1":{"name":"setActiveTab","decl":{"start":{"line":185,"column":10},"end":{"line":185,"column":23}},"loc":{"start":{"line":185,"column":41},"end":{"line":187,"column":null}},"line":185},"2":{"name":"updateProvider","decl":{"start":{"line":190,"column":10},"end":{"line":190,"column":25}},"loc":{"start":{"line":190,"column":73},"end":{"line":195,"column":null}},"line":190},"3":{"name":"(anonymous_3)","decl":{"start":{"line":191,"column":24},"end":{"line":191,"column":28}},"loc":{"start":{"line":191,"column":28},"end":{"line":192,"column":null}},"line":191},"4":{"name":"toggleProvider","decl":{"start":{"line":198,"column":10},"end":{"line":198,"column":25}},"loc":{"start":{"line":198,"column":39},"end":{"line":203,"column":null}},"line":198},"5":{"name":"(anonymous_5)","decl":{"start":{"line":199,"column":24},"end":{"line":199,"column":28}},"loc":{"start":{"line":199,"column":28},"end":{"line":200,"column":null}},"line":199},"6":{"name":"updateChannel","decl":{"start":{"line":206,"column":10},"end":{"line":206,"column":24}},"loc":{"start":{"line":206,"column":69},"end":{"line":211,"column":null}},"line":206},"7":{"name":"(anonymous_7)","decl":{"start":{"line":207,"column":22},"end":{"line":207,"column":26}},"loc":{"start":{"line":207,"column":26},"end":{"line":208,"column":null}},"line":207},"8":{"name":"toggleChannel","decl":{"start":{"line":214,"column":10},"end":{"line":214,"column":24}},"loc":{"start":{"line":214,"column":36},"end":{"line":219,"column":null}},"line":214},"9":{"name":"(anonymous_9)","decl":{"start":{"line":215,"column":22},"end":{"line":215,"column":26}},"loc":{"start":{"line":215,"column":26},"end":{"line":216,"column":null}},"line":215},"10":{"name":"updateAgent","decl":{"start":{"line":222,"column":10},"end":{"line":222,"column":22}},"loc":{"start":{"line":222,"column":53},"end":{"line":225,"column":null}},"line":222},"11":{"name":"updateApiBaseUrl","decl":{"start":{"line":228,"column":10},"end":{"line":228,"column":27}},"loc":{"start":{"line":228,"column":40},"end":{"line":231,"column":null}},"line":228},"12":{"name":"getConfig","decl":{"start":{"line":234,"column":10},"end":{"line":234,"column":33}},"loc":{"start":{"line":234,"column":33},"end":{"line":241,"column":null}},"line":234},"13":{"name":"updateTools","decl":{"start":{"line":244,"column":10},"end":{"line":244,"column":22}},"loc":{"start":{"line":244,"column":53},"end":{"line":247,"column":null}},"line":244},"14":{"name":"addMCPServer","decl":{"start":{"line":250,"column":10},"end":{"line":250,"column":23}},"loc":{"start":{"line":250,"column":65},"end":{"line":253,"column":null}},"line":250},"15":{"name":"removeMCPServer","decl":{"start":{"line":256,"column":10},"end":{"line":256,"column":26}},"loc":{"start":{"line":256,"column":40},"end":{"line":259,"column":null}},"line":256},"16":{"name":"(anonymous_16)","decl":{"start":{"line":257,"column":38},"end":{"line":257,"column":45}},"loc":{"start":{"line":257,"column":45},"end":{"line":257,"column":null}},"line":257},"17":{"name":"toggleMCPServer","decl":{"start":{"line":262,"column":10},"end":{"line":262,"column":26}},"loc":{"start":{"line":262,"column":40},"end":{"line":267,"column":null}},"line":262},"18":{"name":"(anonymous_18)","decl":{"start":{"line":263,"column":38},"end":{"line":263,"column":42}},"loc":{"start":{"line":263,"column":42},"end":{"line":264,"column":null}},"line":263},"19":{"name":"markAsChanged","decl":{"start":{"line":270,"column":10},"end":{"line":270,"column":26}},"loc":{"start":{"line":270,"column":26},"end":{"line":272,"column":null}},"line":270},"20":{"name":"saveConfig","decl":{"start":{"line":275,"column":16},"end":{"line":275,"column":47}},"loc":{"start":{"line":275,"column":47},"end":{"line":281,"column":null}},"line":275},"21":{"name":"(anonymous_21)","decl":{"start":{"line":277,"column":12},"end":{"line":277,"column":20}},"loc":{"start":{"line":277,"column":31},"end":{"line":277,"column":null}},"line":277},"22":{"name":"resetConfig","decl":{"start":{"line":284,"column":10},"end":{"line":284,"column":24}},"loc":{"start":{"line":284,"column":24},"end":{"line":287,"column":null}},"line":284},"23":{"name":"getAvailableModels","decl":{"start":{"line":290,"column":10},"end":{"line":290,"column":29}},"loc":{"start":{"line":290,"column":61},"end":{"line":293,"column":null}},"line":290},"24":{"name":"(anonymous_24)","decl":{"start":{"line":291,"column":29},"end":{"line":291,"column":34}},"loc":{"start":{"line":291,"column":34},"end":{"line":291,"column":null}},"line":291},"25":{"name":"getEnabledProviders","decl":{"start":{"line":296,"column":10},"end":{"line":296,"column":50}},"loc":{"start":{"line":296,"column":50},"end":{"line":298,"column":null}},"line":296},"26":{"name":"(anonymous_26)","decl":{"start":{"line":297,"column":19},"end":{"line":297,"column":26}},"loc":{"start":{"line":297,"column":31},"end":{"line":297,"column":40}},"line":297},"27":{"name":"(anonymous_27)","decl":{"start":{"line":302,"column":6},"end":{"line":302,"column":18}},"loc":{"start":{"line":302,"column":18},"end":{"line":302,"column":null}},"line":302},"28":{"name":"(anonymous_28)","decl":{"start":{"line":303,"column":6},"end":{"line":303,"column":26}},"loc":{"start":{"line":303,"column":26},"end":{"line":303,"column":null}},"line":303},"29":{"name":"(anonymous_29)","decl":{"start":{"line":304,"column":6},"end":{"line":304,"column":18}},"loc":{"start":{"line":304,"column":18},"end":{"line":304,"column":null}},"line":304},"30":{"name":"(anonymous_30)","decl":{"start":{"line":305,"column":6},"end":{"line":305,"column":17}},"loc":{"start":{"line":305,"column":17},"end":{"line":305,"column":null}},"line":305},"31":{"name":"(anonymous_31)","decl":{"start":{"line":306,"column":6},"end":{"line":306,"column":14}},"loc":{"start":{"line":306,"column":14},"end":{"line":306,"column":null}},"line":306},"32":{"name":"(anonymous_32)","decl":{"start":{"line":307,"column":6},"end":{"line":307,"column":14}},"loc":{"start":{"line":307,"column":14},"end":{"line":307,"column":null}},"line":307}},"branchMap":{"0":{"loc":{"start":{"line":191,"column":28},"end":{"line":192,"column":null}},"type":"cond-expr","locations":[{"start":{"line":192,"column":14},"end":{"line":192,"column":44}},{"start":{"line":192,"column":44},"end":{"line":192,"column":null}}],"line":191},"1":{"loc":{"start":{"line":199,"column":28},"end":{"line":200,"column":null}},"type":"cond-expr","locations":[{"start":{"line":200,"column":14},"end":{"line":200,"column":53}},{"start":{"line":200,"column":53},"end":{"line":200,"column":null}}],"line":199},"2":{"loc":{"start":{"line":207,"column":26},"end":{"line":208,"column":null}},"type":"cond-expr","locations":[{"start":{"line":208,"column":12},"end":{"line":208,"column":40}},{"start":{"line":208,"column":40},"end":{"line":208,"column":null}}],"line":207},"3":{"loc":{"start":{"line":215,"column":26},"end":{"line":216,"column":null}},"type":"cond-expr","locations":[{"start":{"line":216,"column":12},"end":{"line":216,"column":49}},{"start":{"line":216,"column":49},"end":{"line":216,"column":null}}],"line":215},"4":{"loc":{"start":{"line":263,"column":42},"end":{"line":264,"column":null}},"type":"cond-expr","locations":[{"start":{"line":264,"column":14},"end":{"line":264,"column":53}},{"start":{"line":264,"column":53},"end":{"line":264,"column":null}}],"line":263},"5":{"loc":{"start":{"line":292,"column":9},"end":{"line":292,"column":null}},"type":"binary-expr","locations":[{"start":{"line":292,"column":9},"end":{"line":292,"column":null}},{"start":{"line":292,"column":19},"end":{"line":292,"column":null}}],"line":292}},"s":{"0":0,"1":0,"2":0,"3":0,"4":0,"5":0,"6":0,"7":0,"8":0,"9":0,"10":0,"11":0,"12":0,"13":0,"14":0,"15":0,"16":0,"17":0,"18":0,"19":0,"20":0,"21":0,"22":0,"23":0,"24":0,"25":0,"26":0,"27":0,"28":0,"29":0,"30":0,"31":0,"32":0,"33":0,"34":0,"35":0,"36":0,"37":0,"38":0,"39":0,"40":0,"41":0,"42":0,"43":0,"44":0,"45":0,"46":0,"47":0,"48":0,"49":0,"50":0,"51":0},"f":{"0":0,"1":0,"2":0,"3":0,"4":0,"5":0,"6":0,"7":0,"8":0,"9":0,"10":0,"11":0,"12":0,"13":0,"14":0,"15":0,"16":0,"17":0,"18":0,"19":0,"20":0,"21":0,"22":0,"23":0,"24":0,"25":0,"26":0,"27":0,"28":0,"29":0,"30":0,"31":0,"32":0},"b":{"0":[0,0],"1":[0,0],"2":[0,0],"3":[0,0],"4":[0,0],"5":[0,0]},"meta":{"lastBranch":6,"lastFunction":33,"lastStatement":52,"seen":{"f:67:16:67:38":0,"s:69:5:69:Infinity":0,"s:72:5:72:Infinity":1,"s:75:5:122:Infinity":2,"s:127:5:161:Infinity":3,"s:166:5:172:Infinity":4,"s:176:5:181:Infinity":5,"f:185:10:185:23":1,"s:186:2:186:Infinity":6,"f:190:10:190:25":2,"s:191:2:192:Infinity":7,"f:191:24:191:28":3,"s:191:28:192:Infinity":8,"b:192:14:192:44:192:44:192:Infinity":0,"s:194:2:194:Infinity":9,"f:198:10:198:25":4,"s:199:2:200:Infinity":10,"f:199:24:199:28":5,"s:199:28:200:Infinity":11,"b:200:14:200:53:200:53:200:Infinity":1,"s:202:2:202:Infinity":12,"f:206:10:206:24":6,"s:207:2:208:Infinity":13,"f:207:22:207:26":7,"s:207:26:208:Infinity":14,"b:208:12:208:40:208:40:208:Infinity":2,"s:210:2:210:Infinity":15,"f:214:10:214:24":8,"s:215:2:216:Infinity":16,"f:215:22:215:26":9,"s:215:26:216:Infinity":17,"b:216:12:216:49:216:49:216:Infinity":3,"s:218:2:218:Infinity":18,"f:222:10:222:22":10,"s:223:2:223:Infinity":19,"s:224:2:224:Infinity":20,"f:228:10:228:27":11,"s:229:2:229:Infinity":21,"s:230:2:230:Infinity":22,"f:234:10:234:33":12,"f:244:10:244:22":13,"s:245:2:245:Infinity":23,"s:246:2:246:Infinity":24,"f:250:10:250:23":14,"s:251:2:251:Infinity":25,"s:252:2:252:Infinity":26,"f:256:10:256:26":15,"s:257:2:257:Infinity":27,"f:257:38:257:45":16,"s:257:45:257:Infinity":28,"s:258:2:258:Infinity":29,"f:262:10:262:26":17,"s:263:2:264:Infinity":30,"f:263:38:263:42":18,"s:263:42:264:Infinity":31,"b:264:14:264:53:264:53:264:Infinity":4,"s:266:2:266:Infinity":32,"f:270:10:270:26":19,"s:271:2:271:Infinity":33,"f:275:16:275:47":20,"s:277:12:277:Infinity":34,"f:277:12:277:20":21,"s:277:31:277:Infinity":35,"s:278:2:278:Infinity":36,"s:279:2:279:Infinity":37,"s:280:9:280:Infinity":38,"f:284:10:284:24":22,"s:286:2:286:Infinity":39,"f:290:10:290:29":23,"s:291:8:291:Infinity":40,"f:291:29:291:34":24,"s:291:34:291:Infinity":41,"s:292:9:292:Infinity":42,"b:292:9:292:Infinity:292:19:292:Infinity":5,"f:296:10:296:50":25,"s:297:9:297:Infinity":43,"f:297:19:297:26":26,"s:297:31:297:40":44,"f:302:6:302:18":27,"s:302:27:302:38":45,"f:303:6:303:26":28,"s:303:35:303:54":46,"f:304:6:304:18":29,"s:304:27:304:38":47,"f:305:6:305:17":30,"s:305:26:305:36":48,"f:306:6:306:14":31,"s:306:23:306:30":49,"f:307:6:307:14":32,"s:307:23:307:30":50,"s:330:29:330:Infinity":51}}}
,"E:\\AI\\Programs\\Nanobot\\nanobot\\desktop\\src\\lib\\components\\ui\\index.ts": {"path":"E:\\AI\\Programs\\Nanobot\\nanobot\\desktop\\src\\lib\\components\\ui\\index.ts","statementMap":{"0":{"start":{"line":42,"column":0},"end":{"line":42,"column":null}}},"fnMap":{},"branchMap":{},"s":{"0":0},"f":{},"b":{},"meta":{"lastBranch":0,"lastFunction":0,"lastStatement":1,"seen":{"s:42:0:42:Infinity":0}}}
,"E:\\AI\\Programs\\Nanobot\\nanobot\\desktop\\src\\lib\\components\\ui\\icons\\index.ts": {"path":"E:\\AI\\Programs\\Nanobot\\nanobot\\desktop\\src\\lib\\components\\ui\\icons\\index.ts","statementMap":{},"fnMap":{},"branchMap":{},"s":{},"f":{},"b":{},"meta":{"lastBranch":0,"lastFunction":0,"lastStatement":0,"seen":{}}}
,"E:\\AI\\Programs\\Nanobot\\nanobot\\desktop\\src\\lib\\stores\\app.ts": {"path":"E:\\AI\\Programs\\Nanobot\\nanobot\\desktop\\src\\lib\\stores\\app.ts","statementMap":{"0":{"start":{"line":30,"column":13},"end":{"line":30,"column":null}},"1":{"start":{"line":33,"column":13},"end":{"line":33,"column":null}},"2":{"start":{"line":36,"column":13},"end":{"line":36,"column":null}},"3":{"start":{"line":39,"column":13},"end":{"line":39,"column":null}},"4":{"start":{"line":42,"column":13},"end":{"line":42,"column":null}},"5":{"start":{"line":45,"column":13},"end":{"line":45,"column":null}},"6":{"start":{"line":48,"column":13},"end":{"line":48,"column":null}},"7":{"start":{"line":51,"column":13},"end":{"line":57,"column":null}},"8":{"start":{"line":60,"column":13},"end":{"line":66,"column":null}},"9":{"start":{"line":63,"column":18},"end":{"line":63,"column":null}},"10":{"start":{"line":63,"column":39},"end":{"line":63,"column":65}},"11":{"start":{"line":64,"column":2},"end":{"line":64,"column":null}},"12":{"start":{"line":69,"column":24},"end":{"line":85,"column":null}},"13":{"start":{"line":70,"column":14},"end":{"line":70,"column":39}},"14":{"start":{"line":71,"column":25},"end":{"line":71,"column":54}},"15":{"start":{"line":72,"column":21},"end":{"line":72,"column":46}},"16":{"start":{"line":73,"column":29},"end":{"line":73,"column":62}},"17":{"start":{"line":74,"column":26},"end":{"line":74,"column":56}},"18":{"start":{"line":75,"column":17},"end":{"line":75,"column":38}},"19":{"start":{"line":76,"column":25},"end":{"line":76,"column":54}},"20":{"start":{"line":77,"column":18},"end":{"line":77,"column":40}},"21":{"start":{"line":78,"column":30},"end":{"line":78,"column":null}},"22":{"start":{"line":79,"column":22},"end":{"line":79,"column":null}},"23":{"start":{"line":79,"column":50},"end":{"line":79,"column":52}},"24":{"start":{"line":80,"column":22},"end":{"line":80,"column":null}},"25":{"start":{"line":80,"column":42},"end":{"line":80,"column":80}},"26":{"start":{"line":82,"column":2},"end":{"line":82,"column":null}},"27":{"start":{"line":83,"column":2},"end":{"line":83,"column":null}},"28":{"start":{"line":89,"column":1},"end":{"line":89,"column":null}},"29":{"start":{"line":93,"column":1},"end":{"line":93,"column":null}},"30":{"start":{"line":93,"column":29},"end":{"line":93,"column":31}},"31":{"start":{"line":97,"column":1},"end":{"line":97,"column":null}},"32":{"start":{"line":101,"column":1},"end":{"line":101,"column":null}},"33":{"start":{"line":105,"column":1},"end":{"line":105,"column":null}},"34":{"start":{"line":109,"column":1},"end":{"line":109,"column":null}},"35":{"start":{"line":113,"column":1},"end":{"line":113,"column":null}},"36":{"start":{"line":113,"column":21},"end":{"line":113,"column":59}},"37":{"start":{"line":117,"column":1},"end":{"line":117,"column":null}},"38":{"start":{"line":121,"column":1},"end":{"line":121,"column":null}},"39":{"start":{"line":122,"column":1},"end":{"line":122,"column":null}},"40":{"start":{"line":126,"column":1},"end":{"line":130,"column":null}},"41":{"start":{"line":127,"column":2},"end":{"line":129,"column":null}},"42":{"start":{"line":128,"column":3},"end":{"line":128,"column":null}},"43":{"start":{"line":135,"column":1},"end":{"line":135,"column":null}},"44":{"start":{"line":136,"column":1},"end":{"line":143,"column":null}},"45":{"start":{"line":137,"column":20},"end":{"line":137,"column":null}},"46":{"start":{"line":138,"column":2},"end":{"line":138,"column":null}},"47":{"start":{"line":139,"column":2},"end":{"line":139,"column":null}},"48":{"start":{"line":141,"column":2},"end":{"line":141,"column":null}},"49":{"start":{"line":142,"column":2},"end":{"line":142,"column":null}}},"fnMap":{"0":{"name":"(anonymous_0)","decl":{"start":{"line":62,"column":1},"end":{"line":62,"column":2}},"loc":{"start":{"line":62,"column":36},"end":{"line":65,"column":null}},"line":62},"1":{"name":"(anonymous_1)","decl":{"start":{"line":63,"column":33},"end":{"line":63,"column":39}},"loc":{"start":{"line":63,"column":39},"end":{"line":63,"column":65}},"line":63},"2":{"name":"(anonymous_2)","decl":{"start":{"line":70,"column":5},"end":{"line":70,"column":12}},"loc":{"start":{"line":70,"column":12},"end":{"line":70,"column":null}},"line":70},"3":{"name":"(anonymous_3)","decl":{"start":{"line":71,"column":5},"end":{"line":71,"column":23}},"loc":{"start":{"line":71,"column":23},"end":{"line":71,"column":null}},"line":71},"4":{"name":"(anonymous_4)","decl":{"start":{"line":72,"column":5},"end":{"line":72,"column":19}},"loc":{"start":{"line":72,"column":19},"end":{"line":72,"column":null}},"line":72},"5":{"name":"(anonymous_5)","decl":{"start":{"line":73,"column":5},"end":{"line":73,"column":27}},"loc":{"start":{"line":73,"column":27},"end":{"line":73,"column":null}},"line":73},"6":{"name":"(anonymous_6)","decl":{"start":{"line":74,"column":5},"end":{"line":74,"column":24}},"loc":{"start":{"line":74,"column":24},"end":{"line":74,"column":null}},"line":74},"7":{"name":"(anonymous_7)","decl":{"start":{"line":75,"column":5},"end":{"line":75,"column":15}},"loc":{"start":{"line":75,"column":15},"end":{"line":75,"column":null}},"line":75},"8":{"name":"(anonymous_8)","decl":{"start":{"line":76,"column":5},"end":{"line":76,"column":23}},"loc":{"start":{"line":76,"column":23},"end":{"line":76,"column":null}},"line":76},"9":{"name":"(anonymous_9)","decl":{"start":{"line":77,"column":5},"end":{"line":77,"column":16}},"loc":{"start":{"line":77,"column":16},"end":{"line":77,"column":null}},"line":77},"10":{"name":"(anonymous_10)","decl":{"start":{"line":78,"column":10},"end":{"line":78,"column":11}},"loc":{"start":{"line":78,"column":30},"end":{"line":78,"column":null}},"line":78},"11":{"name":"(anonymous_11)","decl":{"start":{"line":79,"column":16},"end":{"line":79,"column":22}},"loc":{"start":{"line":79,"column":22},"end":{"line":79,"column":null}},"line":79},"12":{"name":"(anonymous_12)","decl":{"start":{"line":79,"column":45},"end":{"line":79,"column":50}},"loc":{"start":{"line":79,"column":50},"end":{"line":79,"column":52}},"line":79},"13":{"name":"(anonymous_13)","decl":{"start":{"line":80,"column":16},"end":{"line":80,"column":22}},"loc":{"start":{"line":80,"column":22},"end":{"line":80,"column":null}},"line":80},"14":{"name":"(anonymous_14)","decl":{"start":{"line":80,"column":37},"end":{"line":80,"column":42}},"loc":{"start":{"line":80,"column":42},"end":{"line":80,"column":80}},"line":80},"15":{"name":"(anonymous_15)","decl":{"start":{"line":81,"column":16},"end":{"line":81,"column":17}},"loc":{"start":{"line":81,"column":39},"end":{"line":84,"column":null}},"line":81},"16":{"name":"setView","decl":{"start":{"line":88,"column":16},"end":{"line":88,"column":24}},"loc":{"start":{"line":88,"column":40},"end":{"line":90,"column":null}},"line":88},"17":{"name":"toggleSidebar","decl":{"start":{"line":92,"column":16},"end":{"line":92,"column":32}},"loc":{"start":{"line":92,"column":32},"end":{"line":94,"column":null}},"line":92},"18":{"name":"(anonymous_18)","decl":{"start":{"line":93,"column":24},"end":{"line":93,"column":29}},"loc":{"start":{"line":93,"column":29},"end":{"line":93,"column":31}},"line":93},"19":{"name":"setSidebarExpanded","decl":{"start":{"line":96,"column":16},"end":{"line":96,"column":35}},"loc":{"start":{"line":96,"column":54},"end":{"line":98,"column":null}},"line":96},"20":{"name":"setAgentStatusValue","decl":{"start":{"line":100,"column":16},"end":{"line":100,"column":36}},"loc":{"start":{"line":100,"column":57},"end":{"line":102,"column":null}},"line":100},"21":{"name":"setConnectionStatusValue","decl":{"start":{"line":104,"column":16},"end":{"line":104,"column":41}},"loc":{"start":{"line":104,"column":67},"end":{"line":106,"column":null}},"line":104},"22":{"name":"setApiConnectionStatus","decl":{"start":{"line":108,"column":16},"end":{"line":108,"column":39}},"loc":{"start":{"line":108,"column":65},"end":{"line":110,"column":null}},"line":108},"23":{"name":"toggleAppMode","decl":{"start":{"line":112,"column":16},"end":{"line":112,"column":32}},"loc":{"start":{"line":112,"column":32},"end":{"line":114,"column":null}},"line":112},"24":{"name":"(anonymous_24)","decl":{"start":{"line":113,"column":16},"end":{"line":113,"column":21}},"loc":{"start":{"line":113,"column":21},"end":{"line":113,"column":59}},"line":113},"25":{"name":"setAppModeValue","decl":{"start":{"line":116,"column":16},"end":{"line":116,"column":32}},"loc":{"start":{"line":116,"column":47},"end":{"line":118,"column":null}},"line":116},"26":{"name":"selectChannel","decl":{"start":{"line":120,"column":16},"end":{"line":120,"column":30}},"loc":{"start":{"line":120,"column":49},"end":{"line":123,"column":null}},"line":120},"27":{"name":"setChannelConnected","decl":{"start":{"line":125,"column":16},"end":{"line":125,"column":36}},"loc":{"start":{"line":125,"column":75},"end":{"line":131,"column":null}},"line":125},"28":{"name":"(anonymous_28)","decl":{"start":{"line":126,"column":17},"end":{"line":126,"column":null}},"loc":{"start":{"line":127,"column":2},"end":{"line":129,"column":null}},"line":127},"29":{"name":"(anonymous_29)","decl":{"start":{"line":127,"column":11},"end":{"line":127,"column":null}},"loc":{"start":{"line":128,"column":3},"end":{"line":128,"column":null}},"line":128},"30":{"name":"checkApiConnection","decl":{"start":{"line":134,"column":22},"end":{"line":134,"column":61}},"loc":{"start":{"line":134,"column":61},"end":{"line":144,"column":null}},"line":134}},"branchMap":{"0":{"loc":{"start":{"line":64,"column":9},"end":{"line":64,"column":null}},"type":"binary-expr","locations":[{"start":{"line":64,"column":9},"end":{"line":64,"column":26}},{"start":{"line":64,"column":26},"end":{"line":64,"column":null}}],"line":64},"1":{"loc":{"start":{"line":80,"column":42},"end":{"line":80,"column":80}},"type":"cond-expr","locations":[{"start":{"line":80,"column":59},"end":{"line":80,"column":72}},{"start":{"line":80,"column":72},"end":{"line":80,"column":80}}],"line":80},"2":{"loc":{"start":{"line":113,"column":21},"end":{"line":113,"column":59}},"type":"cond-expr","locations":[{"start":{"line":113,"column":38},"end":{"line":113,"column":51}},{"start":{"line":113,"column":51},"end":{"line":113,"column":59}}],"line":113},"3":{"loc":{"start":{"line":128,"column":3},"end":{"line":128,"column":null}},"type":"cond-expr","locations":[{"start":{"line":128,"column":25},"end":{"line":128,"column":48}},{"start":{"line":128,"column":48},"end":{"line":128,"column":null}}],"line":128},"4":{"loc":{"start":{"line":138,"column":25},"end":{"line":138,"column":65}},"type":"cond-expr","locations":[{"start":{"line":138,"column":37},"end":{"line":138,"column":51}},{"start":{"line":138,"column":51},"end":{"line":138,"column":65}}],"line":138}},"s":{"0":0,"1":0,"2":0,"3":0,"4":0,"5":0,"6":0,"7":0,"8":0,"9":0,"10":0,"11":0,"12":0,"13":0,"14":0,"15":0,"16":0,"17":0,"18":0,"19":0,"20":0,"21":0,"22":0,"23":0,"24":0,"25":0,"26":0,"27":0,"28":0,"29":0,"30":0,"31":0,"32":0,"33":0,"34":0,"35":0,"36":0,"37":0,"38":0,"39":0,"40":0,"41":0,"42":0,"43":0,"44":0,"45":0,"46":0,"47":0,"48":0,"49":0},"f":{"0":0,"1":0,"2":0,"3":0,"4":0,"5":0,"6":0,"7":0,"8":0,"9":0,"10":0,"11":0,"12":0,"13":0,"14":0,"15":0,"16":0,"17":0,"18":0,"19":0,"20":0,"21":0,"22":0,"23":0,"24":0,"25":0,"26":0,"27":0,"28":0,"29":0,"30":0},"b":{"0":[0,0],"1":[0,0],"2":[0,0],"3":[0,0],"4":[0,0]},"meta":{"lastBranch":5,"lastFunction":31,"lastStatement":50,"seen":{"s:30:13:30:Infinity":0,"s:33:13:33:Infinity":1,"s:36:13:36:Infinity":2,"s:39:13:39:Infinity":3,"s:42:13:42:Infinity":4,"s:45:13:45:Infinity":5,"s:48:13:48:Infinity":6,"s:51:13:57:Infinity":7,"s:60:13:66:Infinity":8,"f:62:1:62:2":0,"s:63:18:63:Infinity":9,"f:63:33:63:39":1,"s:63:39:63:65":10,"s:64:2:64:Infinity":11,"b:64:9:64:26:64:26:64:Infinity":0,"s:69:24:85:Infinity":12,"f:70:5:70:12":2,"s:70:14:70:39":13,"f:71:5:71:23":3,"s:71:25:71:54":14,"f:72:5:72:19":4,"s:72:21:72:46":15,"f:73:5:73:27":5,"s:73:29:73:62":16,"f:74:5:74:24":6,"s:74:26:74:56":17,"f:75:5:75:15":7,"s:75:17:75:38":18,"f:76:5:76:23":8,"s:76:25:76:54":19,"f:77:5:77:16":9,"s:77:18:77:40":20,"f:78:10:78:11":10,"s:78:30:78:Infinity":21,"f:79:16:79:22":11,"s:79:22:79:Infinity":22,"f:79:45:79:50":12,"s:79:50:79:52":23,"f:80:16:80:22":13,"s:80:22:80:Infinity":24,"f:80:37:80:42":14,"s:80:42:80:80":25,"b:80:59:80:72:80:72:80:80":1,"f:81:16:81:17":15,"s:82:2:82:Infinity":26,"s:83:2:83:Infinity":27,"f:88:16:88:24":16,"s:89:1:89:Infinity":28,"f:92:16:92:32":17,"s:93:1:93:Infinity":29,"f:93:24:93:29":18,"s:93:29:93:31":30,"f:96:16:96:35":19,"s:97:1:97:Infinity":31,"f:100:16:100:36":20,"s:101:1:101:Infinity":32,"f:104:16:104:41":21,"s:105:1:105:Infinity":33,"f:108:16:108:39":22,"s:109:1:109:Infinity":34,"f:112:16:112:32":23,"s:113:1:113:Infinity":35,"f:113:16:113:21":24,"s:113:21:113:59":36,"b:113:38:113:51:113:51:113:59":2,"f:116:16:116:32":25,"s:117:1:117:Infinity":37,"f:120:16:120:30":26,"s:121:1:121:Infinity":38,"s:122:1:122:Infinity":39,"f:125:16:125:36":27,"s:126:1:130:Infinity":40,"f:126:17:126:Infinity":28,"s:127:2:129:Infinity":41,"f:127:11:127:Infinity":29,"s:128:3:128:Infinity":42,"b:128:25:128:48:128:48:128:Infinity":3,"f:134:22:134:61":30,"s:135:1:135:Infinity":43,"s:136:1:143:Infinity":44,"s:137:20:137:Infinity":45,"s:138:2:138:Infinity":46,"b:138:37:138:51:138:51:138:65":4,"s:139:2:139:Infinity":47,"s:141:2:141:Infinity":48,"s:142:2:142:Infinity":49}}}
,"E:\\AI\\Programs\\Nanobot\\nanobot\\desktop\\src\\lib\\stores\\theme.ts": {"path":"E:\\AI\\Programs\\Nanobot\\nanobot\\desktop\\src\\lib\\stores\\theme.ts","statementMap":{"0":{"start":{"line":13,"column":20},"end":{"line":13,"column":null}},"1":{"start":{"line":19,"column":13},"end":{"line":19,"column":null}},"2":{"start":{"line":25,"column":1},"end":{"line":32,"column":null}},"3":{"start":{"line":26,"column":15},"end":{"line":26,"column":null}},"4":{"start":{"line":27,"column":2},"end":{"line":30,"column":null}},"5":{"start":{"line":28,"column":3},"end":{"line":28,"column":null}},"6":{"start":{"line":29,"column":3},"end":{"line":29,"column":null}},"7":{"start":{"line":31,"column":2},"end":{"line":31,"column":null}},"8":{"start":{"line":39,"column":1},"end":{"line":47,"column":null}},"9":{"start":{"line":40,"column":2},"end":{"line":46,"column":null}},"10":{"start":{"line":41,"column":3},"end":{"line":41,"column":null}},"11":{"start":{"line":42,"column":3},"end":{"line":42,"column":null}},"12":{"start":{"line":44,"column":3},"end":{"line":44,"column":null}},"13":{"start":{"line":45,"column":3},"end":{"line":45,"column":null}},"14":{"start":{"line":54,"column":1},"end":{"line":56,"column":null}},"15":{"start":{"line":55,"column":2},"end":{"line":55,"column":null}},"16":{"start":{"line":57,"column":1},"end":{"line":57,"column":null}},"17":{"start":{"line":64,"column":1},"end":{"line":69,"column":null}},"18":{"start":{"line":65,"column":16},"end":{"line":65,"column":null}},"19":{"start":{"line":66,"column":2},"end":{"line":68,"column":null}},"20":{"start":{"line":67,"column":3},"end":{"line":67,"column":null}},"21":{"start":{"line":70,"column":1},"end":{"line":70,"column":null}},"22":{"start":{"line":77,"column":1},"end":{"line":79,"column":null}},"23":{"start":{"line":78,"column":2},"end":{"line":78,"column":null}},"24":{"start":{"line":81,"column":20},"end":{"line":81,"column":null}},"25":{"start":{"line":82,"column":17},"end":{"line":84,"column":null}},"26":{"start":{"line":83,"column":2},"end":{"line":83,"column":null}},"27":{"start":{"line":86,"column":1},"end":{"line":86,"column":null}},"28":{"start":{"line":87,"column":1},"end":{"line":89,"column":null}},"29":{"start":{"line":88,"column":2},"end":{"line":88,"column":null}},"30":{"start":{"line":97,"column":1},"end":{"line":99,"column":null}},"31":{"start":{"line":98,"column":2},"end":{"line":98,"column":null}},"32":{"start":{"line":102,"column":20},"end":{"line":102,"column":null}},"33":{"start":{"line":103,"column":1},"end":{"line":107,"column":null}},"34":{"start":{"line":104,"column":2},"end":{"line":104,"column":null}},"35":{"start":{"line":105,"column":2},"end":{"line":105,"column":null}},"36":{"start":{"line":106,"column":2},"end":{"line":106,"column":null}},"37":{"start":{"line":110,"column":21},"end":{"line":110,"column":null}},"38":{"start":{"line":111,"column":1},"end":{"line":111,"column":null}},"39":{"start":{"line":112,"column":1},"end":{"line":112,"column":null}},"40":{"start":{"line":115,"column":21},"end":{"line":122,"column":null}},"41":{"start":{"line":117,"column":23},"end":{"line":117,"column":null}},"42":{"start":{"line":118,"column":2},"end":{"line":121,"column":null}},"43":{"start":{"line":119,"column":3},"end":{"line":119,"column":null}},"44":{"start":{"line":120,"column":3},"end":{"line":120,"column":null}},"45":{"start":{"line":131,"column":1},"end":{"line":131,"column":null}},"46":{"start":{"line":132,"column":1},"end":{"line":135,"column":null}},"47":{"start":{"line":133,"column":2},"end":{"line":133,"column":null}},"48":{"start":{"line":134,"column":2},"end":{"line":134,"column":null}}},"fnMap":{"0":{"name":"toggleTheme","decl":{"start":{"line":24,"column":16},"end":{"line":24,"column":36}},"loc":{"start":{"line":24,"column":36},"end":{"line":33,"column":null}},"line":24},"1":{"name":"(anonymous_1)","decl":{"start":{"line":25,"column":14},"end":{"line":25,"column":15}},"loc":{"start":{"line":25,"column":27},"end":{"line":32,"column":2}},"line":25},"2":{"name":"applyTheme","decl":{"start":{"line":38,"column":9},"end":{"line":38,"column":20}},"loc":{"start":{"line":38,"column":40},"end":{"line":48,"column":null}},"line":38},"3":{"name":"getSystemTheme","decl":{"start":{"line":53,"column":9},"end":{"line":53,"column":33}},"loc":{"start":{"line":53,"column":33},"end":{"line":58,"column":null}},"line":53},"4":{"name":"getSavedTheme","decl":{"start":{"line":63,"column":9},"end":{"line":63,"column":39}},"loc":{"start":{"line":63,"column":39},"end":{"line":71,"column":null}},"line":63},"5":{"name":"listenToSystemTheme","decl":{"start":{"line":76,"column":9},"end":{"line":76,"column":29}},"loc":{"start":{"line":76,"column":75},"end":{"line":90,"column":null}},"line":76},"6":{"name":"(anonymous_6)","decl":{"start":{"line":78,"column":9},"end":{"line":78,"column":15}},"loc":{"start":{"line":78,"column":15},"end":{"line":78,"column":null}},"line":78},"7":{"name":"(anonymous_7)","decl":{"start":{"line":82,"column":17},"end":{"line":82,"column":18}},"loc":{"start":{"line":82,"column":45},"end":{"line":84,"column":null}},"line":82},"8":{"name":"(anonymous_8)","decl":{"start":{"line":87,"column":8},"end":{"line":87,"column":14}},"loc":{"start":{"line":87,"column":14},"end":{"line":89,"column":null}},"line":87},"9":{"name":"initTheme","decl":{"start":{"line":96,"column":16},"end":{"line":96,"column":34}},"loc":{"start":{"line":96,"column":34},"end":{"line":125,"column":null}},"line":96},"10":{"name":"(anonymous_10)","decl":{"start":{"line":115,"column":41},"end":{"line":115,"column":42}},"loc":{"start":{"line":115,"column":61},"end":{"line":122,"column":2}},"line":115},"11":{"name":"setTheme","decl":{"start":{"line":130,"column":16},"end":{"line":130,"column":25}},"loc":{"start":{"line":130,"column":48},"end":{"line":136,"column":null}},"line":130}},"branchMap":{"0":{"loc":{"start":{"line":26,"column":15},"end":{"line":26,"column":null}},"type":"cond-expr","locations":[{"start":{"line":26,"column":37},"end":{"line":26,"column":46}},{"start":{"line":26,"column":46},"end":{"line":26,"column":null}}],"line":26},"1":{"loc":{"start":{"line":27,"column":2},"end":{"line":30,"column":null}},"type":"if","locations":[{"start":{"line":27,"column":2},"end":{"line":30,"column":null}},{"start":{},"end":{}}],"line":27},"2":{"loc":{"start":{"line":39,"column":1},"end":{"line":47,"column":null}},"type":"if","locations":[{"start":{"line":39,"column":1},"end":{"line":47,"column":null}},{"start":{},"end":{}}],"line":39},"3":{"loc":{"start":{"line":39,"column":5},"end":{"line":39,"column":42}},"type":"binary-expr","locations":[{"start":{"line":39,"column":5},"end":{"line":39,"column":16}},{"start":{"line":39,"column":16},"end":{"line":39,"column":42}}],"line":39},"4":{"loc":{"start":{"line":40,"column":2},"end":{"line":46,"column":null}},"type":"if","locations":[{"start":{"line":40,"column":2},"end":{"line":46,"column":null}},{"start":{"line":43,"column":9},"end":{"line":46,"column":null}}],"line":40},"5":{"loc":{"start":{"line":54,"column":1},"end":{"line":56,"column":null}},"type":"if","locations":[{"start":{"line":54,"column":1},"end":{"line":56,"column":null}},{"start":{},"end":{}}],"line":54},"6":{"loc":{"start":{"line":55,"column":9},"end":{"line":55,"column":null}},"type":"cond-expr","locations":[{"start":{"line":55,"column":69},"end":{"line":55,"column":78}},{"start":{"line":55,"column":78},"end":{"line":55,"column":null}}],"line":55},"7":{"loc":{"start":{"line":64,"column":1},"end":{"line":69,"column":null}},"type":"if","locations":[{"start":{"line":64,"column":1},"end":{"line":69,"column":null}},{"start":{},"end":{}}],"line":64},"8":{"loc":{"start":{"line":66,"column":2},"end":{"line":68,"column":null}},"type":"if","locations":[{"start":{"line":66,"column":2},"end":{"line":68,"column":null}},{"start":{},"end":{}}],"line":66},"9":{"loc":{"start":{"line":66,"column":6},"end":{"line":66,"column":45}},"type":"binary-expr","locations":[{"start":{"line":66,"column":6},"end":{"line":66,"column":27}},{"start":{"line":66,"column":27},"end":{"line":66,"column":45}}],"line":66},"10":{"loc":{"start":{"line":77,"column":1},"end":{"line":79,"column":null}},"type":"if","locations":[{"start":{"line":77,"column":1},"end":{"line":79,"column":null}},{"start":{},"end":{}}],"line":77},"11":{"loc":{"start":{"line":83,"column":11},"end":{"line":83,"column":39}},"type":"cond-expr","locations":[{"start":{"line":83,"column":23},"end":{"line":83,"column":32}},{"start":{"line":83,"column":32},"end":{"line":83,"column":39}}],"line":83},"12":{"loc":{"start":{"line":97,"column":1},"end":{"line":99,"column":null}},"type":"if","locations":[{"start":{"line":97,"column":1},"end":{"line":99,"column":null}},{"start":{},"end":{}}],"line":97},"13":{"loc":{"start":{"line":103,"column":1},"end":{"line":107,"column":null}},"type":"if","locations":[{"start":{"line":103,"column":1},"end":{"line":107,"column":null}},{"start":{},"end":{}}],"line":103},"14":{"loc":{"start":{"line":118,"column":2},"end":{"line":121,"column":null}},"type":"if","locations":[{"start":{"line":118,"column":2},"end":{"line":121,"column":null}},{"start":{},"end":{}}],"line":118},"15":{"loc":{"start":{"line":132,"column":1},"end":{"line":135,"column":null}},"type":"if","locations":[{"start":{"line":132,"column":1},"end":{"line":135,"column":null}},{"start":{},"end":{}}],"line":132}},"s":{"0":1,"1":1,"2":2,"3":2,"4":2,"5":2,"6":2,"7":2,"8":12,"9":12,"10":9,"11":9,"12":3,"13":3,"14":0,"15":0,"16":0,"17":0,"18":0,"19":0,"20":0,"21":0,"22":0,"23":0,"24":0,"25":0,"26":0,"27":0,"28":0,"29":0,"30":0,"31":0,"32":0,"33":0,"34":0,"35":0,"36":0,"37":0,"38":0,"39":0,"40":0,"41":0,"42":0,"43":0,"44":0,"45":10,"46":10,"47":10,"48":10},"f":{"0":2,"1":2,"2":12,"3":0,"4":0,"5":0,"6":0,"7":0,"8":0,"9":0,"10":0,"11":10},"b":{"0":[2,0],"1":[2,0],"2":[12,0],"3":[12,12],"4":[9,3],"5":[0,0],"6":[0,0],"7":[0,0],"8":[0,0],"9":[0,0],"10":[0,0],"11":[0,0],"12":[0,0],"13":[0,0],"14":[0,0],"15":[10,0]},"meta":{"lastBranch":16,"lastFunction":12,"lastStatement":49,"seen":{"s:13:20:13:Infinity":0,"s:19:13:19:Infinity":1,"f:24:16:24:36":0,"s:25:1:32:Infinity":2,"f:25:14:25:15":1,"s:26:15:26:Infinity":3,"b:26:37:26:46:26:46:26:Infinity":0,"b:27:2:30:Infinity:undefined:undefined:undefined:undefined":1,"s:27:2:30:Infinity":4,"s:28:3:28:Infinity":5,"s:29:3:29:Infinity":6,"s:31:2:31:Infinity":7,"f:38:9:38:20":2,"b:39:1:47:Infinity:undefined:undefined:undefined:undefined":2,"s:39:1:47:Infinity":8,"b:39:5:39:16:39:16:39:42":3,"b:40:2:46:Infinity:43:9:46:Infinity":4,"s:40:2:46:Infinity":9,"s:41:3:41:Infinity":10,"s:42:3:42:Infinity":11,"s:44:3:44:Infinity":12,"s:45:3:45:Infinity":13,"f:53:9:53:33":3,"b:54:1:56:Infinity:undefined:undefined:undefined:undefined":5,"s:54:1:56:Infinity":14,"s:55:2:55:Infinity":15,"b:55:69:55:78:55:78:55:Infinity":6,"s:57:1:57:Infinity":16,"f:63:9:63:39":4,"b:64:1:69:Infinity:undefined:undefined:undefined:undefined":7,"s:64:1:69:Infinity":17,"s:65:16:65:Infinity":18,"b:66:2:68:Infinity:undefined:undefined:undefined:undefined":8,"s:66:2:68:Infinity":19,"b:66:6:66:27:66:27:66:45":9,"s:67:3:67:Infinity":20,"s:70:1:70:Infinity":21,"f:76:9:76:29":5,"b:77:1:79:Infinity:undefined:undefined:undefined:undefined":10,"s:77:1:79:Infinity":22,"s:78:2:78:Infinity":23,"f:78:9:78:15":6,"s:81:20:81:Infinity":24,"s:82:17:84:Infinity":25,"f:82:17:82:18":7,"s:83:2:83:Infinity":26,"b:83:23:83:32:83:32:83:39":11,"s:86:1:86:Infinity":27,"s:87:1:89:Infinity":28,"f:87:8:87:14":8,"s:88:2:88:Infinity":29,"f:96:16:96:34":9,"b:97:1:99:Infinity:undefined:undefined:undefined:undefined":12,"s:97:1:99:Infinity":30,"s:98:2:98:Infinity":31,"s:102:20:102:Infinity":32,"b:103:1:107:Infinity:undefined:undefined:undefined:undefined":13,"s:103:1:107:Infinity":33,"s:104:2:104:Infinity":34,"s:105:2:105:Infinity":35,"s:106:2:106:Infinity":36,"s:110:21:110:Infinity":37,"s:111:1:111:Infinity":38,"s:112:1:112:Infinity":39,"s:115:21:122:Infinity":40,"f:115:41:115:42":10,"s:117:23:117:Infinity":41,"b:118:2:121:Infinity:undefined:undefined:undefined:undefined":14,"s:118:2:121:Infinity":42,"s:119:3:119:Infinity":43,"s:120:3:120:Infinity":44,"f:130:16:130:25":11,"s:131:1:131:Infinity":45,"b:132:1:135:Infinity:undefined:undefined:undefined:undefined":15,"s:132:1:135:Infinity":46,"s:133:2:133:Infinity":47,"s:134:2:134:Infinity":48}}}
,"E:\\AI\\Programs\\Nanobot\\nanobot\\desktop\\src\\lib\\stores\\tray.ts": {"path":"E:\\AI\\Programs\\Nanobot\\nanobot\\desktop\\src\\lib\\stores\\tray.ts","statementMap":{"0":{"start":{"line":33,"column":21},"end":{"line":33,"column":null}},"1":{"start":{"line":36,"column":17},"end":{"line":36,"column":null}},"2":{"start":{"line":39,"column":13},"end":{"line":39,"column":null}},"3":{"start":{"line":42,"column":21},"end":{"line":42,"column":null}},"4":{"start":{"line":45,"column":19},"end":{"line":45,"column":null}},"5":{"start":{"line":45,"column":54},"end":{"line":45,"column":61}},"6":{"start":{"line":48,"column":17},"end":{"line":48,"column":null}},"7":{"start":{"line":51,"column":19},"end":{"line":53,"column":null}},"8":{"start":{"line":56,"column":18},"end":{"line":56,"column":null}},"9":{"start":{"line":59,"column":19},"end":{"line":59,"column":null}},"10":{"start":{"line":65,"column":2},"end":{"line":78,"column":null}},"11":{"start":{"line":67,"column":4},"end":{"line":67,"column":null}},"12":{"start":{"line":69,"column":4},"end":{"line":69,"column":null}},"13":{"start":{"line":71,"column":4},"end":{"line":71,"column":null}},"14":{"start":{"line":73,"column":4},"end":{"line":73,"column":null}},"15":{"start":{"line":75,"column":4},"end":{"line":75,"column":null}},"16":{"start":{"line":77,"column":4},"end":{"line":77,"column":null}},"17":{"start":{"line":85,"column":2},"end":{"line":97,"column":null}},"18":{"start":{"line":87,"column":4},"end":{"line":87,"column":null}},"19":{"start":{"line":90,"column":4},"end":{"line":90,"column":null}},"20":{"start":{"line":92,"column":4},"end":{"line":92,"column":null}},"21":{"start":{"line":94,"column":4},"end":{"line":94,"column":null}},"22":{"start":{"line":96,"column":4},"end":{"line":96,"column":null}},"23":{"start":{"line":104,"column":2},"end":{"line":110,"column":null}},"24":{"start":{"line":105,"column":3},"end":{"line":105,"column":null}},"25":{"start":{"line":106,"column":3},"end":{"line":106,"column":null}},"26":{"start":{"line":108,"column":3},"end":{"line":108,"column":null}},"27":{"start":{"line":109,"column":3},"end":{"line":109,"column":null}},"28":{"start":{"line":117,"column":2},"end":{"line":117,"column":null}},"29":{"start":{"line":117,"column":30},"end":{"line":117,"column":null}},"30":{"start":{"line":119,"column":2},"end":{"line":119,"column":null}},"31":{"start":{"line":120,"column":2},"end":{"line":120,"column":null}},"32":{"start":{"line":122,"column":2},"end":{"line":140,"column":null}},"33":{"start":{"line":123,"column":16},"end":{"line":123,"column":null}},"34":{"start":{"line":124,"column":3},"end":{"line":124,"column":null}},"35":{"start":{"line":125,"column":3},"end":{"line":129,"column":null}},"36":{"start":{"line":131,"column":3},"end":{"line":131,"column":null}},"37":{"start":{"line":132,"column":3},"end":{"line":132,"column":null}},"38":{"start":{"line":133,"column":3},"end":{"line":137,"column":null}},"39":{"start":{"line":139,"column":3},"end":{"line":139,"column":null}},"40":{"start":{"line":147,"column":2},"end":{"line":147,"column":null}},"41":{"start":{"line":147,"column":31},"end":{"line":147,"column":null}},"42":{"start":{"line":149,"column":2},"end":{"line":149,"column":null}},"43":{"start":{"line":150,"column":2},"end":{"line":150,"column":null}},"44":{"start":{"line":152,"column":2},"end":{"line":169,"column":null}},"45":{"start":{"line":153,"column":3},"end":{"line":153,"column":null}},"46":{"start":{"line":154,"column":3},"end":{"line":154,"column":null}},"47":{"start":{"line":155,"column":3},"end":{"line":159,"column":null}},"48":{"start":{"line":161,"column":3},"end":{"line":161,"column":null}},"49":{"start":{"line":162,"column":3},"end":{"line":166,"column":null}},"50":{"start":{"line":168,"column":3},"end":{"line":168,"column":null}},"51":{"start":{"line":176,"column":2},"end":{"line":180,"column":null}},"52":{"start":{"line":177,"column":3},"end":{"line":177,"column":null}},"53":{"start":{"line":179,"column":3},"end":{"line":179,"column":null}},"54":{"start":{"line":191,"column":41},"end":{"line":198,"column":null}},"55":{"start":{"line":199,"column":2},"end":{"line":199,"column":null}},"56":{"start":{"line":206,"column":2},"end":{"line":208,"column":null}},"57":{"start":{"line":207,"column":3},"end":{"line":207,"column":null}},"58":{"start":{"line":215,"column":2},"end":{"line":215,"column":null}},"59":{"start":{"line":215,"column":42},"end":{"line":215,"column":63}},"60":{"start":{"line":222,"column":2},"end":{"line":222,"column":null}},"61":{"start":{"line":229,"column":2},"end":{"line":229,"column":null}},"62":{"start":{"line":229,"column":44},"end":{"line":229,"column":55}},"63":{"start":{"line":236,"column":2},"end":{"line":236,"column":null}},"64":{"start":{"line":245,"column":2},"end":{"line":245,"column":null}},"65":{"start":{"line":246,"column":19},"end":{"line":246,"column":null}},"66":{"start":{"line":247,"column":2},"end":{"line":247,"column":null}},"67":{"start":{"line":247,"column":15},"end":{"line":247,"column":null}},"68":{"start":{"line":250,"column":1},"end":{"line":274,"column":null}},"69":{"start":{"line":252,"column":24},"end":{"line":252,"column":46}},"70":{"start":{"line":253,"column":20},"end":{"line":253,"column":38}},"71":{"start":{"line":254,"column":16},"end":{"line":254,"column":30}},"72":{"start":{"line":255,"column":24},"end":{"line":255,"column":46}},"73":{"start":{"line":256,"column":22},"end":{"line":256,"column":42}},"74":{"start":{"line":257,"column":20},"end":{"line":257,"column":38}},"75":{"start":{"line":258,"column":22},"end":{"line":258,"column":42}},"76":{"start":{"line":259,"column":21},"end":{"line":259,"column":40}},"77":{"start":{"line":260,"column":22},"end":{"line":260,"column":42}},"78":{"start":{"line":280,"column":25},"end":{"line":280,"column":null}}},"fnMap":{"0":{"name":"createTrayState","decl":{"start":{"line":31,"column":16},"end":{"line":31,"column":34}},"loc":{"start":{"line":31,"column":34},"end":{"line":275,"column":null}},"line":31},"1":{"name":"(anonymous_1)","decl":{"start":{"line":45,"column":49},"end":{"line":45,"column":54}},"loc":{"start":{"line":45,"column":54},"end":{"line":45,"column":61}},"line":45},"2":{"name":"getStatusText","decl":{"start":{"line":64,"column":10},"end":{"line":64,"column":24}},"loc":{"start":{"line":64,"column":55},"end":{"line":79,"column":null}},"line":64},"3":{"name":"getStatusClass","decl":{"start":{"line":84,"column":10},"end":{"line":84,"column":25}},"loc":{"start":{"line":84,"column":56},"end":{"lin
[...]
"loc":{"start":{"line":161,"column":11},"end":{"line":161,"column":null}},"type":"cond-expr","locations":[{"start":{"line":161,"column":32},"end":{"line":161,"column":44}},{"start":{"line":161,"column":44},"end":{"line":161,"column":null}}],"line":161},"10":{"loc":{"start":{"line":176,"column":2},"end":{"line":180,"column":null}},"type":"if","locations":[{"start":{"line":176,"column":2},"end":{"line":180,"column":null}},{"start":{"line":178,"column":9},"end":{"line":180,"column":null}}],"line":176},"11":{"loc":{"start":{"line":197,"column":9},"end":{"line":197,"column":null}},"type":"binary-expr","locations":[{"start":{"line":197,"column":9},"end":{"line":197,"column":25}},{"start":{"line":197,"column":25},"end":{"line":197,"column":null}}],"line":197},"12":{"loc":{"start":{"line":207,"column":3},"end":{"line":207,"column":null}},"type":"cond-expr","locations":[{"start":{"line":207,"column":17},"end":{"line":207,"column":40}},{"start":{"line":207,"column":40},"end":{"line":207,"column":null}}],"line":207},"13":{"loc":{"start":{"line":244,"column":27},"end":{"line":244,"column":66}},"type":"default-arg","locations":[{"start":{"line":244,"column":48},"end":{"line":244,"column":66}}],"line":244}},"s":{"0":0,"1":0,"2":0,"3":0,"4":0,"5":0,"6":0,"7":0,"8":0,"9":0,"10":0,"11":0,"12":0,"13":0,"14":0,"15":0,"16":0,"17":0,"18":0,"19":0,"20":0,"21":0,"22":0,"23":0,"24":0,"25":0,"26":0,"27":0,"28":0,"29":0,"30":0,"31":0,"32":0,"33":0,"34":0,"35":0,"36":0,"37":0,"38":0,"39":0,"40":0,"41":0,"42":0,"43":0,"44":0,"45":0,"46":0,"47":0,"48":0,"49":0,"50":0,"51":0,"52":0,"53":0,"54":0,"55":0,"56":0,"57":0,"58":0,"59":0,"60":0,"61":0,"62":0,"63":0,"64":0,"65":0,"66":0,"67":0,"68":0,"69":0,"70":0,"71":0,"72":0,"73":0,"74":0,"75":0,"76":0,"77":0,"78":0},"f":{"0":0,"1":0,"2":0,"3":0,"4":0,"5":0,"6":0,"7":0,"8":0,"9":0,"10":0,"11":0,"12":0,"13":0,"14":0,"15":0,"16":0,"17":0,"18":0,"19":0,"20":0,"21":0,"22":0,"23":0,"24":0,"25":0,"26":0,"27":0},"b":{"0":[0,0],"1":[0,0,0,0,0,0],"2":[0,0,0,0,0,0],"3":[0,0],"4":[0,0],"5":[0,0],"6":[0,0],"7":[0,0],"8":[0,0],"9":[0,0],"10":[0,0],"11":[0,0],"12":[0,0],"13":[0]},"meta":{"lastBranch":14,"lastFunction":28,"lastStatement":79,"seen":{"f:31:16:31:34":0,"s:33:21:33:Infinity":0,"s:36:17:36:Infinity":1,"s:39:13:39:Infinity":2,"s:42:21:42:Infinity":3,"s:45:19:45:Infinity":4,"f:45:49:45:54":1,"s:45:54:45:61":5,"s:48:17:48:Infinity":6,"s:51:19:53:Infinity":7,"b:52:37:52:58:52:58:52:Infinity":0,"s:56:18:56:Infinity":8,"s:59:19:59:Infinity":9,"f:64:10:64:24":2,"b:66:3:67:Infinity:68:3:69:Infinity:70:3:71:Infinity:72:3:73:Infinity:74:3:75:Infinity:76:3:77:Infinity":1,"s:65:2:78:Infinity":10,"s:67:4:67:Infinity":11,"s:69:4:69:Infinity":12,"s:71:4:71:Infinity":13,"s:73:4:73:Infinity":14,"s:75:4:75:Infinity":15,"s:77:4:77:Infinity":16,"f:84:10:84:25":3,"b:86:3:87:Infinity:88:3:88:Infinity:89:3:90:Infinity:91:3:92:Infinity:93:3:94:Infinity:95:3:96:Infinity":2,"s:85:2:97:Infinity":17,"s:87:4:87:Infinity":18,"s:90:4:90:Infinity":19,"s:92:4:92:Infinity":20,"s:94:4:94:Infinity":21,"s:96:4:96:Infinity":22,"f:103:16:103:47":4,"s:104:2:110:Infinity":23,"s:105:3:105:Infinity":24,"s:106:3:106:Infinity":25,"s:108:3:108:Infinity":26,"b:108:32:108:44:108:44:108:Infinity":3,"s:109:3:109:Infinity":27,"f:116:16:116:46":5,"b:117:2:117:Infinity:undefined:undefined:undefined:undefined":4,"s:117:2:117:Infinity":28,"b:117:6:117:19:117:19:117:30":5,"s:117:30:117:Infinity":29,"s:119:2:119:Infinity":30,"s:120:2:120:Infinity":31,"s:122:2:140:Infinity":32,"s:123:16:123:Infinity":33,"s:124:3:124:Infinity":34,"s:125:3:129:Infinity":35,"s:131:3:131:Infinity":36,"b:131:32:131:44:131:44:131:Infinity":6,"s:132:3:132:Infinity":37,"s:133:3:137:Infinity":38,"s:139:3:139:Infinity":39,"f:146:16:146:45":6,"b:147:2:147:Infinity:undefined:undefined:undefined:undefined":7,"s:147:2:147:Infinity":40,"b:147:6:147:19:147:19:147:31":8,"s:147:31:147:Infinity":41,"s:149:2:149:Infinity":42,"s:150:2:150:Infinity":43,"s:152:2:169:Infinity":44,"s:153:3:153:Infinity":45,"s:154:3:154:Infinity":46,"s:155:3:159:Infinity":47,"s:161:3:161:Infinity":48,"b:161:32:161:44:161:44:161:Infinity":9,"s:162:3:166:Infinity":49,"s:168:3:168:Infinity":50,"f:175:16:175:47":7,"b:176:2:180:Infinity:178:9:180:Infinity":10,"s:176:2:180:Infinity":51,"s:177:3:177:Infinity":52,"s:179:3:179:Infinity":53,"f:186:10:186:26":8,"s:191:41:198:Infinity":54,"b:197:9:197:25:197:25:197:Infinity":11,"s:199:2:199:Infinity":55,"f:205:10:205:33":9,"s:206:2:208:Infinity":56,"f:206:36:206:Infinity":10,"s:207:3:207:Infinity":57,"b:207:17:207:40:207:40:207:Infinity":12,"f:214:10:214:45":11,"s:215:2:215:Infinity":58,"f:215:36:215:42":12,"s:215:42:215:63":59,"f:221:10:221:37":13,"s:222:2:222:Infinity":60,"f:228:10:228:29":14,"s:229:2:229:Infinity":61,"f:229:39:229:44":15,"s:229:44:229:55":62,"f:235:10:235:29":16,"s:236:2:236:Infinity":63,"f:244:10:244:27":17,"b:244:48:244:66":13,"s:245:2:245:Infinity":64,"s:246:19:246:Infinity":65,"s:247:2:247:Infinity":66,"f:247:9:247:15":18,"s:247:15:247:Infinity":67,"s:250:1:274:Infinity":68,"f:252:6:252:22":19,"s:252:24:252:46":69,"f:253:6:253:18":20,"s:253:20:253:38":70,"f:254:6:254:14":21,"s:254:16:254:30":71,"f:255:6:255:22":22,"s:255:24:255:46":72,"f:256:6:256:20":23,"s:256:22:256:42":73,"f:257:6:257:18":24,"s:257:20:257:38":74,"f:258:6:258:20":25,"s:258:22:258:42":75,"f:259:6:259:19":26,"s:259:21:259:40":76,"f:260:6:260:20":27,"s:260:22:260:42":77,"s:280:25:280:Infinity":78}}}
,"E:\\AI\\Programs\\Nanobot\\nanobot\\desktop\\src\\lib\\types\\message.ts": {"path":"E:\\AI\\Programs\\Nanobot\\nanobot\\desktop\\src\\lib\\types\\message.ts","statementMap":{},"fnMap":{},"branchMap":{},"s":{},"f":{},"b":{},"meta":{"lastBranch":0,"lastFunction":0,"lastStatement":0,"seen":{}}}
,"E:\\AI\\Programs\\Nanobot\\nanobot\\desktop\\src\\lib\\utils\\cn.ts": {"path":"E:\\AI\\Programs\\Nanobot\\nanobot\\desktop\\src\\lib\\utils\\cn.ts","statementMap":{"0":{"start":{"line":9,"column":1},"end":{"line":9,"column":null}}},"fnMap":{"0":{"name":"cn","decl":{"start":{"line":8,"column":16},"end":{"line":8,"column":22}},"loc":{"start":{"line":8,"column":44},"end":{"line":10,"column":null}},"line":8}},"branchMap":{},"s":{"0":0},"f":{"0":0},"b":{},"meta":{"lastBranch":0,"lastFunction":1,"lastStatement":1,"seen":{"f:8:16:8:22":0,"s:9:1:9:Infinity":0}}}
,"E:\\AI\\Programs\\Nanobot\\nanobot\\desktop\\src\\lib\\utils\\keyboard.ts": {"path":"E:\\AI\\Programs\\Nanobot\\nanobot\\desktop\\src\\lib\\utils\\keyboard.ts","statementMap":{"0":{"start":{"line":11,"column":1},"end":{"line":11,"column":null}},"1":{"start":{"line":19,"column":1},"end":{"line":19,"column":null}},"2":{"start":{"line":36,"column":18},"end":{"line":44,"column":null}},"3":{"start":{"line":37,"column":20},"end":{"line":37,"column":null}},"4":{"start":{"line":38,"column":20},"end":{"line":38,"column":null}},"5":{"start":{"line":39,"column":21},"end":{"line":39,"column":null}},"6":{"start":{"line":41,"column":2},"end":{"line":43,"column":null}},"7":{"start":{"line":42,"column":3},"end":{"line":42,"column":null}},"8":{"start":{"line":46,"column":1},"end":{"line":46,"column":null}},"9":{"start":{"line":47,"column":1},"end":{"line":47,"column":null}},"10":{"start":{"line":47,"column":14},"end":{"line":47,"column":null}}},"fnMap":{"0":{"name":"isSubmitShortcut","decl":{"start":{"line":10,"column":16},"end":{"line":10,"column":33}},"loc":{"start":{"line":10,"column":64},"end":{"line":12,"column":null}},"line":10},"1":{"name":"isShiftEnter","decl":{"start":{"line":18,"column":16},"end":{"line":18,"column":29}},"loc":{"start":{"line":18,"column":60},"end":{"line":20,"column":null}},"line":18},"2":{"name":"onShortcut","decl":{"start":{"line":31,"column":16},"end":{"line":31,"column":null}},"loc":{"start":{"line":35,"column":14},"end":{"line":48,"column":null}},"line":35},"3":{"name":"(anonymous_3)","decl":{"start":{"line":36,"column":18},"end":{"line":36,"column":19}},"loc":{"start":{"line":36,"column":44},"end":{"line":44,"column":null}},"line":36},"4":{"name":"(anonymous_4)","decl":{"start":{"line":47,"column":8},"end":{"line":47,"column":14}},"loc":{"start":{"line":47,"column":14},"end":{"line":47,"column":null}},"line":47}},"branchMap":{"0":{"loc":{"start":{"line":11,"column":1},"end":{"line":11,"column":null}},"type":"binary-expr","locations":[{"start":{"line":11,"column":9},"end":{"line":11,"column":26}},{"start":{"line":11,"column":26},"end":{"line":11,"column":44}},{"start":{"line":11,"column":44},"end":{"line":11,"column":null}}],"line":11},"1":{"loc":{"start":{"line":19,"column":8},"end":{"line":19,"column":null}},"type":"binary-expr","locations":[{"start":{"line":19,"column":8},"end":{"line":19,"column":26}},{"start":{"line":19,"column":26},"end":{"line":19,"column":null}}],"line":19},"2":{"loc":{"start":{"line":37,"column":20},"end":{"line":37,"column":null}},"type":"cond-expr","locations":[{"start":{"line":37,"column":37},"end":{"line":37,"column":53}},{"start":{"line":37,"column":53},"end":{"line":37,"column":null}}],"line":37},"3":{"loc":{"start":{"line":38,"column":20},"end":{"line":38,"column":null}},"type":"cond-expr","locations":[{"start":{"line":38,"column":37},"end":{"line":38,"column":53}},{"start":{"line":38,"column":53},"end":{"line":38,"column":null}}],"line":38},"4":{"loc":{"start":{"line":39,"column":21},"end":{"line":39,"column":null}},"type":"cond-expr","locations":[{"start":{"line":39,"column":39},"end":{"line":39,"column":56}},{"start":{"line":39,"column":56},"end":{"line":39,"column":null}}],"line":39},"5":{"loc":{"start":{"line":41,"column":2},"end":{"line":43,"column":null}},"type":"if","locations":[{"start":{"line":41,"column":2},"end":{"line":43,"column":null}},{"start":{},"end":{}}],"line":41},"6":{"loc":{"start":{"line":41,"column":6},"end":{"line":41,"column":65}},"type":"binary-expr","locations":[{"start":{"line":41,"column":6},"end":{"line":41,"column":27}},{"start":{"line":41,"column":27},"end":{"line":41,"column":40}},{"start":{"line":41,"column":40},"end":{"line":41,"column":53}},{"start":{"line":41,"column":53},"end":{"line":41,"column":65}}],"line":41}},"s":{"0":0,"1":0,"2":0,"3":0,"4":0,"5":0,"6":0,"7":0,"8":0,"9":0,"10":0},"f":{"0":0,"1":0,"2":0,"3":0,"4":0},"b":{"0":[0,0,0],"1":[0,0],"2":[0,0],"3":[0,0],"4":[0,0],"5":[0,0],"6":[0,0,0,0]},"meta":{"lastBranch":7,"lastFunction":5,"lastStatement":11,"seen":{"f:10:16:10:33":0,"s:11:1:11:Infinity":0,"b:11:9:11:26:11:26:11:44:11:44:11:Infinity":0,"f:18:16:18:29":1,"s:19:1:19:Infinity":1,"b:19:8:19:26:19:26:19:Infinity":1,"f:31:16:31:Infinity":2,"s:36:18:44:Infinity":2,"f:36:18:36:19":3,"s:37:20:37:Infinity":3,"b:37:37:37:53:37:53:37:Infinity":2,"s:38:20:38:Infinity":4,"b:38:37:38:53:38:53:38:Infinity":3,"s:39:21:39:Infinity":5,"b:39:39:39:56:39:56:39:Infinity":4,"b:41:2:43:Infinity:undefined:undefined:undefined:undefined":5,"s:41:2:43:Infinity":6,"b:41:6:41:27:41:27:41:40:41:40:41:53:41:53:41:65":6,"s:42:3:42:Infinity":7,"s:46:1:46:Infinity":8,"s:47:1:47:Infinity":9,"f:47:8:47:14":4,"s:47:14:47:Infinity":10}}}
,"E:\\AI\\Programs\\Nanobot\\nanobot\\desktop\\src\\lib\\utils\\markdown.ts": {"path":"E:\\AI\\Programs\\Nanobot\\nanobot\\desktop\\src\\lib\\utils\\markdown.ts","statementMap":{"0":{"start":{"line":9,"column":0},"end":{"line":12,"column":null}},"1":{"start":{"line":28,"column":1},"end":{"line":30,"column":null}},"2":{"start":{"line":29,"column":2},"end":{"line":29,"column":null}},"3":{"start":{"line":33,"column":17},"end":{"line":33,"column":null}},"4":{"start":{"line":36,"column":23},"end":{"line":69,"column":null}},"5":{"start":{"line":71,"column":1},"end":{"line":71,"column":null}}},"fnMap":{"0":{"name":"parseMarkdown","decl":{"start":{"line":27,"column":16},"end":{"line":27,"column":30}},"loc":{"start":{"line":27,"column":55},"end":{"line":72,"column":null}},"line":27}},"branchMap":{"0":{"loc":{"start":{"line":28,"column":1},"end":{"line":30,"column":null}},"type":"if","locations":[{"start":{"line":28,"column":1},"end":{"line":30,"column":null}},{"start":{},"end":{}}],"line":28},"1":{"loc":{"start":{"line":28,"column":5},"end":{"line":28,"column":46}},"type":"binary-expr","locations":[{"start":{"line":28,"column":5},"end":{"line":28,"column":17}},{"start":{"line":28,"column":17},"end":{"line":28,"column":46}}],"line":28}},"s":{"0":1,"1":25,"2":3,"3":22,"4":22,"5":22},"f":{"0":25},"b":{"0":[3,22],"1":[25,22]},"meta":{"lastBranch":2,"lastFunction":1,"lastStatement":6,"seen":{"s:9:0:12:Infinity":0,"f:27:16:27:30":0,"b:28:1:30:Infinity:undefined:undefined:undefined:undefined":0,"s:28:1:30:Infinity":1,"b:28:5:28:17:28:17:28:46":1,"s:29:2:29:Infinity":2,"s:33:17:33:Infinity":3,"s:36:23:69:Infinity":4,"s:71:1:71:Infinity":5}}}
,"E:\\AI\\Programs\\Nanobot\\nanobot\\desktop\\src\\lib\\utils\\shiki.ts": {"path":"E:\\AI\\Programs\\Nanobot\\nanobot\\desktop\\src\\lib\\utils\\shiki.ts","statementMap":{"0":{"start":{"line":9,"column":25},"end":{"line":20,"column":null}},"1":{"start":{"line":23,"column":14},"end":{"line":23,"column":null}},"2":{"start":{"line":26,"column":46},"end":{"line":26,"column":null}},"3":{"start":{"line":27,"column":54},"end":{"line":27,"column":null}},"4":{"start":{"line":35,"column":1},"end":{"line":37,"column":null}},"5":{"start":{"line":36,"column":2},"end":{"line":36,"column":null}},"6":{"start":{"line":40,"column":1},"end":{"line":42,"column":null}},"7":{"start":{"line":41,"column":2},"end":{"line":41,"column":null}},"8":{"start":{"line":45,"column":1},"end":{"line":48,"column":null}},"9":{"start":{"line":50,"column":1},"end":{"line":50,"column":null}},"10":{"start":{"line":51,"column":1},"end":{"line":51,"column":null}},"11":{"start":{"line":57,"column":49},"end":{"line":69,"column":null}},"12":{"start":{"line":77,"column":20},"end":{"line":77,"column":null}},"13":{"start":{"line":78,"column":1},"end":{"line":78,"column":null}},"14":{"start":{"line":88,"column":20},"end":{"line":88,"column":null}},"15":{"start":{"line":89,"column":1},"end":{"line":91,"column":null}},"16":{"start":{"line":102,"column":21},"end":{"line":102,"column":null}},"17":{"start":{"line":103,"column":24},"end":{"line":103,"column":null}},"18":{"start":{"line":106,"column":14},"end":{"line":106,"column":null}},"19":{"start":{"line":108,"column":1},"end":{"line":116,"column":null}},"20":{"start":{"line":109,"column":2},"end":{"line":112,"column":null}},"21":{"start":{"line":115,"column":2},"end":{"line":115,"column":null}},"22":{"start":{"line":126,"column":1},"end":{"line":128,"column":null}},"23":{"start":{"line":127,"column":2},"end":{"line":127,"column":null}},"24":{"start":{"line":130,"column":24},"end":{"line":130,"column":null}},"25":{"start":{"line":131,"column":14},"end":{"line":131,"column":null}},"26":{"start":{"line":133,"column":1},"end":{"line":140,"column":null}},"27":{"start":{"line":134,"column":2},"end":{"line":137,"column":null}},"28":{"start":{"line":139,"column":2},"end":{"line":139,"column":null}},"29":{"start":{"line":147,"column":1},"end":{"line":152,"column":null}},"30":{"start":{"line":159,"column":1},"end":{"line":159,"column":null}}},"fnMap":{"0":{"name":"getHighlighter","decl":{"start":{"line":33,"column":22},"end":{"line":33,"column":61}},"loc":{"start":{"line":33,"column":61},"end":{"line":52,"column":null}},"line":33},"1":{"name":"normalizeLanguage","decl":{"start":{"line":76,"column":9},"end":{"line":76,"column":27}},"loc":{"start":{"line":76,"column":49},"end":{"line":79,"column":null}},"line":76},"2":{"name":"isLanguageSupported","decl":{"start":{"line":87,"column":9},"end":{"line":87,"column":29}},"loc":{"start":{"line":87,"column":78},"end":{"line":93,"column":null}},"line":87},"3":{"name":"highlightCode","decl":{"start":{"line":101,"column":22},"end":{"line":101,"column":36}},"loc":{"start":{"line":101,"column":85},"end":{"line":117,"column":null}},"line":101},"4":{"name":"highlightCodeSync","decl":{"start":{"line":125,"column":16},"end":{"line":125,"column":34}},"loc":{"start":{"line":125,"column":74},"end":{"line":141,"column":null}},"line":125},"5":{"name":"escapeHtml","decl":{"start":{"line":146,"column":9},"end":{"line":146,"column":20}},"loc":{"start":{"line":146,"column":41},"end":{"line":153,"column":null}},"line":146},"6":{"name":"preloadHighlighter","decl":{"start":{"line":158,"column":16},"end":{"line":158,"column":59}},"loc":{"start":{"line":158,"column":59},"end":{"line":160,"column":null}},"line":158}},"branchMap":{"0":{"loc":{"start":{"line":35,"column":1},"end":{"line":37,"column":null}},"type":"if","locations":[{"start":{"line":35,"column":1},"end":{"line":37,"column":null}},{"start":{},"end":{}}],"line":35},"1":{"loc":{"start":{"line":40,"column":1},"end":{"line":42,"column":null}},"type":"if","locations":[{"start":{"line":40,"column":1},"end":{"line":42,"column":null}},{"start":{},"end":{}}],"line":40},"2":{"loc":{"start":{"line":78,"column":8},"end":{"line":78,"column":null}},"type":"binary-expr","locations":[{"start":{"line":78,"column":8},"end":{"line":78,"column":40}},{"start":{"line":78,"column":40},"end":{"line":78,"column":null}}],"line":78},"3":{"loc":{"start":{"line":90,"column":2},"end":{"line":91,"column":null}},"type":"binary-expr","locations":[{"start":{"line":90,"column":2},"end":{"line":90,"column":null}},{"start":{"line":91,"column":2},"end":{"line":91,"column":null}}],"line":90},"4":{"loc":{"start":{"line":106,"column":14},"end":{"line":106,"column":null}},"type":"cond-expr","locations":[{"start":{"line":106,"column":65},"end":{"line":106,"column":82}},{"start":{"line":106,"column":82},"end":{"line":106,"column":null}}],"line":106},"5":{"loc":{"start":{"line":126,"column":1},"end":{"line":128,"column":null}},"type":"if","locations":[{"start":{"line":126,"column":1},"end":{"line":128,"column":null}},{"start":{},"end":{}}],"line":126},"6":{"loc":{"start":{"line":131,"column":14},"end":{"line":131,"column":null}},"type":"cond-expr","locations":[{"start":{"line":131,"column":73},"end":{"line":131,"column":90}},{"start":{"line":131,"column":90},"end":{"line":131,"column":null}}],"line":131}},"s":{"0":0,"1":0,"2":0,"3":0,"4":0,"5":0,"6":0,"7":0,"8":0,"9":0,"10":0,"11":0,"12":0,"13":0,"14":0,"15":0,"16":0,"17":0,"18":0,"19":0,"20":0,"21":0,"22":0,"23":0,"24":0,"25":0,"26":0,"27":0,"28":0,"29":0,"30":0},"f":{"0":0,"1":0,"2":0,"3":0,"4":0,"5":0,"6":0},"b":{"0":[0,0],"1":[0,0],"2":[0,0],"3":[0,0],"4":[0,0],"5":[0,0],"6":[0,0]},"meta":{"lastBranch":7,"lastFunction":7,"lastStatement":31,"seen":{"s:9:25:20:Infinity":0,"s:23:14:23:Infinity":1,"s:26:46:26:Infinity":2,"s:27:54:27:Infinity":3,"f:33:22:33:61":0,"b:35:1:37:Infinity:undefined:undefined:undefined:undefined":0,"s:35:1:37:Infinity":4,"s:36:2:36:Infinity":5,"b:40:1:42:Infinity:undefined:undefined:undefined:undefined":1,"s:40:1:42:Infinity":6,"s:41:2:41:Infinity":7,"s:45:1:48:Infinity":8,"s:50:1:50:Infinity":9,"s:51:1:51:Infinity":10,"s:57:49:69:Infinity":11,"f:76:9:76:27":1,"s:77:20:77:Infinity":12,"s:78:1:78:Infinity":13,"b:78:8:78:40:78:40:78:Infinity":2,"f:87:9:87:29":2,"s:88:20:88:Infinity":14,"s:89:1:91:Infinity":15,"b:90:2:90:Infinity:91:2:91:Infinity":3,"f:101:22:101:36":3,"s:102:21:102:Infinity":16,"s:103:24:103:Infinity":17,"s:106:14:106:Infinity":18,"b:106:65:106:82:106:82:106:Infinity":4,"s:108:1:116:Infinity":19,"s:109:2:112:Infinity":20,"s:115:2:115:Infinity":21,"f:125:16:125:34":4,"b:126:1:128:Infinity:undefined:undefined:undefined:undefined":5,"s:126:1:128:Infinity":22,"s:127:2:127:Infinity":23,"s:130:24:130:Infinity":24,"s:131:14:131:Infinity":25,"b:131:73:131:90:131:90:131:Infinity":6,"s:133:1:140:Infinity":26,"s:134:2:137:Infinity":27,"s:139:2:139:Infinity":28,"f:146:9:146:20":5,"s:147:1:152:Infinity":29,"f:158:16:158:59":6,"s:159:1:159:Infinity":30}}}
,"E:\\AI\\Programs\\Nanobot\\nanobot\\desktop\\src\\routes\\+layout.ts": {"path":"E:\\AI\\Programs\\Nanobot\\nanobot\\desktop\\src\\routes\\+layout.ts","statementMap":{"0":{"start":{"line":5,"column":19},"end":{"line":5,"column":null}}},"fnMap":{},"branchMap":{},"s":{"0":0},"f":{},"b":{},"meta":{"lastBranch":0,"lastFunction":0,"lastStatement":1,"seen":{"s:5:19:5:Infinity":0}}}
}
